<?xml version="1.0" encoding="UTF-8"?>
<coverage generated="1737006028431" clover="3.2.0">
  <project timestamp="1737006028431" name="All files">
    <metrics statements="153" coveredstatements="96" conditionals="58" coveredconditionals="35" methods="23" coveredmethods="13" elements="234" coveredelements="144" complexity="0" loc="153" ncloc="153" packages="2" files="11" classes="11"/>
    <package name="schemas">
      <metrics statements="119" coveredstatements="87" conditionals="44" coveredconditionals="28" methods="19" coveredmethods="11"/>
      <file name="components.ts" path="/Users/thomaspeterson/Projects/oas-zod-validator/src/schemas/components.ts">
        <metrics statements="12" coveredstatements="12" conditionals="4" coveredconditionals="4" methods="3" coveredmethods="3"/>
        <line num="1" count="5" type="stmt"/>
        <line num="2" count="5" type="stmt"/>
        <line num="3" count="5" type="stmt"/>
        <line num="6" count="5" type="stmt"/>
        <line num="16" count="5" type="stmt"/>
        <line num="24" count="5" type="stmt"/>
        <line num="30" count="4" type="cond" truecount="2" falsecount="0"/>
        <line num="35" count="5" type="stmt"/>
        <line num="43" count="1" type="cond" truecount="2" falsecount="0"/>
        <line num="48" count="5" type="stmt"/>
        <line num="54" count="5" type="stmt"/>
        <line num="102" count="13" type="stmt"/>
      </file>
      <file name="core.ts" path="/Users/thomaspeterson/Projects/oas-zod-validator/src/schemas/core.ts">
        <metrics statements="13" coveredstatements="10" conditionals="7" coveredconditionals="6" methods="4" coveredmethods="2"/>
        <line num="1" count="7" type="stmt"/>
        <line num="4" count="7" type="stmt"/>
        <line num="13" count="7" type="stmt"/>
        <line num="14" count="40" type="stmt"/>
        <line num="39" count="35" type="cond" truecount="2" falsecount="1"/>
        <line num="40" count="0" type="stmt"/>
        <line num="43" count="35" type="cond" truecount="4" falsecount="0"/>
        <line num="44" count="1" type="stmt"/>
        <line num="46" count="34" type="stmt"/>
        <line num="53" count="7" type="stmt"/>
        <line num="56" count="7" type="stmt"/>
        <line num="57" count="0" type="stmt"/>
        <line num="58" count="0" type="stmt"/>
      </file>
      <file name="openapi.ts" path="/Users/thomaspeterson/Projects/oas-zod-validator/src/schemas/openapi.ts">
        <metrics statements="5" coveredstatements="5" conditionals="0" coveredconditionals="0" methods="0" coveredmethods="0"/>
        <line num="1" count="4" type="stmt"/>
        <line num="2" count="4" type="stmt"/>
        <line num="3" count="4" type="stmt"/>
        <line num="5" count="4" type="stmt"/>
        <line num="16" count="4" type="stmt"/>
      </file>
      <file name="openapi31.ts" path="/Users/thomaspeterson/Projects/oas-zod-validator/src/schemas/openapi31.ts">
        <metrics statements="7" coveredstatements="7" conditionals="0" coveredconditionals="0" methods="0" coveredmethods="0"/>
        <line num="1" count="4" type="stmt"/>
        <line num="2" count="4" type="stmt"/>
        <line num="3" count="4" type="stmt"/>
        <line num="4" count="4" type="stmt"/>
        <line num="6" count="4" type="stmt"/>
        <line num="12" count="4" type="stmt"/>
        <line num="24" count="4" type="stmt"/>
      </file>
      <file name="paths.ts" path="/Users/thomaspeterson/Projects/oas-zod-validator/src/schemas/paths.ts">
        <metrics statements="20" coveredstatements="20" conditionals="2" coveredconditionals="2" methods="4" coveredmethods="4"/>
        <line num="1" count="5" type="stmt"/>
        <line num="2" count="5" type="stmt"/>
        <line num="3" count="5" type="stmt"/>
        <line num="6" count="5" type="stmt"/>
        <line num="17" count="5" type="stmt"/>
        <line num="53" count="5" type="stmt"/>
        <line num="77" count="21" type="stmt"/>
        <line num="86" count="5" type="stmt"/>
        <line num="107" count="17" type="stmt"/>
        <line num="108" count="28" type="stmt"/>
        <line num="114" count="5" type="stmt"/>
        <line num="123" count="17" type="stmt"/>
        <line num="124" count="17" type="stmt"/>
        <line num="125" count="13" type="stmt"/>
        <line num="126" count="13" type="cond" truecount="1" falsecount="0"/>
        <line num="127" count="5" type="stmt"/>
        <line num="128" count="5" type="cond" truecount="1" falsecount="0"/>
        <line num="129" count="1" type="stmt"/>
        <line num="131" count="4" type="stmt"/>
        <line num="135" count="16" type="stmt"/>
      </file>
      <file name="reference.ts" path="/Users/thomaspeterson/Projects/oas-zod-validator/src/schemas/reference.ts">
        <metrics statements="25" coveredstatements="0" conditionals="10" coveredconditionals="0" methods="4" coveredmethods="0"/>
        <line num="1" count="0" type="stmt"/>
        <line num="7" count="0" type="stmt"/>
        <line num="12" count="0" type="stmt"/>
        <line num="13" count="0" type="stmt"/>
        <line num="17" count="0" type="cond" truecount="0" falsecount="1"/>
        <line num="18" count="0" type="stmt"/>
        <line num="21" count="0" type="stmt"/>
        <line num="22" count="0" type="cond" truecount="0" falsecount="1"/>
        <line num="23" count="0" type="stmt"/>
        <line num="26" count="0" type="stmt"/>
        <line num="27" count="0" type="stmt"/>
        <line num="28" count="0" type="stmt"/>
        <line num="29" count="0" type="cond" truecount="0" falsecount="1"/>
        <line num="30" count="0" type="stmt"/>
        <line num="34" count="0" type="stmt"/>
        <line num="35" count="0" type="stmt"/>
        <line num="39" count="0" type="stmt"/>
        <line num="40" count="0" type="stmt"/>
        <line num="41" count="0" type="cond" truecount="0" falsecount="4"/>
        <line num="42" count="0" type="stmt"/>
        <line num="43" count="0" type="stmt"/>
        <line num="45" count="0" type="stmt"/>
        <line num="46" count="0" type="cond" truecount="0" falsecount="1"/>
        <line num="47" count="0" type="stmt"/>
        <line num="54" count="0" type="stmt"/>
      </file>
      <file name="requestResponse.ts" path="/Users/thomaspeterson/Projects/oas-zod-validator/src/schemas/requestResponse.ts">
        <metrics statements="8" coveredstatements="6" conditionals="4" coveredconditionals="0" methods="2" coveredmethods="0"/>
        <line num="1" count="6" type="stmt"/>
        <line num="2" count="6" type="stmt"/>
        <line num="5" count="6" type="stmt"/>
        <line num="13" count="0" type="cond" truecount="0" falsecount="2"/>
        <line num="20" count="6" type="stmt"/>
        <line num="27" count="6" type="stmt"/>
        <line num="43" count="0" type="cond" truecount="0" falsecount="2"/>
        <line num="48" count="6" type="stmt"/>
      </file>
      <file name="security.ts" path="/Users/thomaspeterson/Projects/oas-zod-validator/src/schemas/security.ts">
        <metrics statements="2" coveredstatements="0" conditionals="0" coveredconditionals="0" methods="0" coveredmethods="0"/>
        <line num="1" count="0" type="stmt"/>
        <line num="3" count="0" type="stmt"/>
      </file>
      <file name="validator.ts" path="/Users/thomaspeterson/Projects/oas-zod-validator/src/schemas/validator.ts">
        <metrics statements="27" coveredstatements="27" conditionals="17" coveredconditionals="16" methods="2" coveredmethods="2"/>
        <line num="1" count="4" type="stmt"/>
        <line num="2" count="4" type="stmt"/>
        <line num="3" count="4" type="stmt"/>
        <line num="4" count="4" type="stmt"/>
        <line num="18" count="18" type="cond" truecount="3" falsecount="0"/>
        <line num="19" count="2" type="stmt"/>
        <line num="22" count="16" type="cond" truecount="1" falsecount="0"/>
        <line num="23" count="2" type="stmt"/>
        <line num="25" count="14" type="cond" truecount="1" falsecount="0"/>
        <line num="26" count="12" type="stmt"/>
        <line num="28" count="2" type="stmt"/>
        <line num="31" count="4" type="stmt"/>
        <line num="35" count="20" type="stmt"/>
        <line num="37" count="20" type="stmt"/>
        <line num="38" count="20" type="stmt"/>
        <line num="42" count="20" type="cond" truecount="5" falsecount="0"/>
        <line num="43" count="2" type="stmt"/>
        <line num="45" count="18" type="stmt"/>
        <line num="46" count="14" type="cond" truecount="2" falsecount="0"/>
        <line num="47" count="2" type="stmt"/>
        <line num="49" count="12" type="stmt"/>
        <line num="53" count="14" type="cond" truecount="1" falsecount="0"/>
        <line num="54" count="2" type="stmt"/>
        <line num="57" count="14" type="stmt"/>
        <line num="59" count="6" type="cond" truecount="1" falsecount="0"/>
        <line num="60" count="2" type="stmt"/>
        <line num="62" count="4" type="stmt"/>
      </file>
    </package>
    <package name="utils">
      <metrics statements="34" coveredstatements="9" conditionals="14" coveredconditionals="7" methods="4" coveredmethods="2"/>
      <file name="validateFromYaml.ts" path="/Users/thomaspeterson/Projects/oas-zod-validator/src/utils/validateFromYaml.ts">
        <metrics statements="20" coveredstatements="0" conditionals="4" coveredconditionals="0" methods="1" coveredmethods="0"/>
        <line num="1" count="0" type="stmt"/>
        <line num="2" count="0" type="stmt"/>
        <line num="3" count="0" type="stmt"/>
        <line num="4" count="0" type="stmt"/>
        <line num="6" count="0" type="stmt"/>
        <line num="7" count="0" type="stmt"/>
        <line num="8" count="0" type="stmt"/>
        <line num="11" count="0" type="stmt"/>
        <line num="15" count="0" type="cond" truecount="0" falsecount="1"/>
        <line num="16" count="0" type="stmt"/>
        <line num="17" count="0" type="cond" truecount="0" falsecount="1"/>
        <line num="18" count="0" type="stmt"/>
        <line num="19" count="0" type="stmt"/>
        <line num="22" count="0" type="stmt"/>
        <line num="23" count="0" type="stmt"/>
        <line num="24" count="0" type="cond" truecount="0" falsecount="2"/>
        <line num="25" count="0" type="stmt"/>
        <line num="27" count="0" type="stmt"/>
        <line num="30" count="0" type="stmt"/>
        <line num="31" count="0" type="stmt"/>
      </file>
      <file name="verifyRefTargets.ts" path="/Users/thomaspeterson/Projects/oas-zod-validator/src/utils/verifyRefTargets.ts">
        <metrics statements="14" coveredstatements="9" conditionals="10" coveredconditionals="7" methods="3" coveredmethods="2"/>
        <line num="1" count="4" type="stmt"/>
        <line num="3" count="4" type="stmt"/>
        <line num="4" count="2" type="stmt"/>
        <line num="5" count="30" type="cond" truecount="3" falsecount="0"/>
        <line num="7" count="20" type="cond" truecount="3" falsecount="0"/>
        <line num="8" count="20" type="cond" truecount="1" falsecount="2"/>
        <line num="9" count="0" type="stmt"/>
        <line num="12" count="20" type="stmt"/>
        <line num="17" count="2" type="stmt"/>
        <line num="20" count="2" type="stmt"/>
        <line num="21" count="0" type="stmt"/>
        <line num="22" count="0" type="stmt"/>
        <line num="24" count="0" type="cond" truecount="0" falsecount="1"/>
        <line num="25" count="0" type="stmt"/>
      </file>
    </package>
  </project>
</coverage>
