<?xml version="1.0" encoding="UTF-8"?>
<coverage generated="1737020051486" clover="3.2.0">
  <project timestamp="1737020051486" name="All files">
    <metrics statements="147" coveredstatements="133" conditionals="60" coveredconditionals="49" methods="22" coveredmethods="22" elements="229" coveredelements="204" complexity="0" loc="147" ncloc="147" packages="2" files="11" classes="11"/>
    <package name="schemas">
      <metrics statements="107" coveredstatements="104" conditionals="38" coveredconditionals="32" methods="18" coveredmethods="18"/>
      <file name="components.ts" path="/Users/thomaspeterson/Projects/oas-zod-validator/src/schemas/components.ts">
        <metrics statements="12" coveredstatements="12" conditionals="4" coveredconditionals="3" methods="3" coveredmethods="3"/>
        <line num="1" count="5" type="stmt"/>
        <line num="2" count="5" type="stmt"/>
        <line num="3" count="5" type="stmt"/>
        <line num="6" count="5" type="stmt"/>
        <line num="16" count="5" type="stmt"/>
        <line num="24" count="5" type="stmt"/>
        <line num="30" count="1" type="cond" truecount="2" falsecount="0"/>
        <line num="35" count="5" type="stmt"/>
        <line num="43" count="1" type="cond" truecount="1" falsecount="1"/>
        <line num="48" count="5" type="stmt"/>
        <line num="54" count="5" type="stmt"/>
        <line num="102" count="15" type="stmt"/>
      </file>
      <file name="core.ts" path="/Users/thomaspeterson/Projects/oas-zod-validator/src/schemas/core.ts">
        <metrics statements="13" coveredstatements="11" conditionals="7" coveredconditionals="4" methods="4" coveredmethods="4"/>
        <line num="1" count="10" type="stmt"/>
        <line num="4" count="10" type="stmt"/>
        <line num="13" count="10" type="stmt"/>
        <line num="14" count="87" type="stmt"/>
        <line num="39" count="76" type="cond" truecount="2" falsecount="1"/>
        <line num="40" count="0" type="stmt"/>
        <line num="43" count="76" type="cond" truecount="2" falsecount="2"/>
        <line num="44" count="0" type="stmt"/>
        <line num="46" count="76" type="stmt"/>
        <line num="53" count="10" type="stmt"/>
        <line num="56" count="10" type="stmt"/>
        <line num="57" count="6" type="stmt"/>
        <line num="58" count="2" type="stmt"/>
      </file>
      <file name="openapi.ts" path="/Users/thomaspeterson/Projects/oas-zod-validator/src/schemas/openapi.ts">
        <metrics statements="5" coveredstatements="5" conditionals="0" coveredconditionals="0" methods="0" coveredmethods="0"/>
        <line num="1" count="4" type="stmt"/>
        <line num="2" count="4" type="stmt"/>
        <line num="3" count="4" type="stmt"/>
        <line num="5" count="4" type="stmt"/>
        <line num="16" count="4" type="stmt"/>
      </file>
      <file name="openapi31.ts" path="/Users/thomaspeterson/Projects/oas-zod-validator/src/schemas/openapi31.ts">
        <metrics statements="7" coveredstatements="7" conditionals="0" coveredconditionals="0" methods="0" coveredmethods="0"/>
        <line num="1" count="4" type="stmt"/>
        <line num="2" count="4" type="stmt"/>
        <line num="3" count="4" type="stmt"/>
        <line num="4" count="4" type="stmt"/>
        <line num="6" count="4" type="stmt"/>
        <line num="12" count="4" type="stmt"/>
        <line num="24" count="4" type="stmt"/>
      </file>
      <file name="paths.ts" path="/Users/thomaspeterson/Projects/oas-zod-validator/src/schemas/paths.ts">
        <metrics statements="20" coveredstatements="19" conditionals="2" coveredconditionals="1" methods="4" coveredmethods="4"/>
        <line num="1" count="6" type="stmt"/>
        <line num="2" count="6" type="stmt"/>
        <line num="3" count="6" type="stmt"/>
        <line num="6" count="6" type="stmt"/>
        <line num="17" count="6" type="stmt"/>
        <line num="53" count="6" type="stmt"/>
        <line num="77" count="21" type="stmt"/>
        <line num="86" count="6" type="stmt"/>
        <line num="107" count="21" type="stmt"/>
        <line num="108" count="44" type="stmt"/>
        <line num="114" count="6" type="stmt"/>
        <line num="123" count="35" type="stmt"/>
        <line num="124" count="35" type="stmt"/>
        <line num="125" count="19" type="stmt"/>
        <line num="126" count="19" type="cond" truecount="1" falsecount="0"/>
        <line num="127" count="3" type="stmt"/>
        <line num="128" count="3" type="cond" truecount="0" falsecount="1"/>
        <line num="129" count="0" type="stmt"/>
        <line num="131" count="3" type="stmt"/>
        <line num="135" count="35" type="stmt"/>
      </file>
      <file name="reference.ts" path="/Users/thomaspeterson/Projects/oas-zod-validator/src/schemas/reference.ts">
        <metrics statements="10" coveredstatements="10" conditionals="4" coveredconditionals="4" methods="2" coveredmethods="2"/>
        <line num="1" count="1" type="stmt"/>
        <line num="3" count="1" type="stmt"/>
        <line num="11" count="1" type="stmt"/>
        <line num="12" count="8" type="cond" truecount="4" falsecount="0"/>
        <line num="18" count="1" type="stmt"/>
        <line num="19" count="5" type="stmt"/>
        <line num="20" count="5" type="stmt"/>
        <line num="21" count="5" type="stmt"/>
        <line num="22" count="2" type="stmt"/>
        <line num="24" count="3" type="stmt"/>
      </file>
      <file name="requestResponse.ts" path="/Users/thomaspeterson/Projects/oas-zod-validator/src/schemas/requestResponse.ts">
        <metrics statements="8" coveredstatements="8" conditionals="4" coveredconditionals="4" methods="2" coveredmethods="2"/>
        <line num="1" count="8" type="stmt"/>
        <line num="2" count="8" type="stmt"/>
        <line num="5" count="8" type="stmt"/>
        <line num="13" count="3" type="cond" truecount="2" falsecount="0"/>
        <line num="20" count="8" type="stmt"/>
        <line num="27" count="8" type="stmt"/>
        <line num="43" count="2" type="cond" truecount="2" falsecount="0"/>
        <line num="48" count="8" type="stmt"/>
      </file>
      <file name="security.ts" path="/Users/thomaspeterson/Projects/oas-zod-validator/src/schemas/security.ts">
        <metrics statements="5" coveredstatements="5" conditionals="0" coveredconditionals="0" methods="1" coveredmethods="1"/>
        <line num="1" count="1" type="stmt"/>
        <line num="2" count="1" type="stmt"/>
        <line num="4" count="1" type="stmt"/>
        <line num="6" count="1" type="stmt"/>
        <line num="47" count="3" type="stmt"/>
      </file>
      <file name="validator.ts" path="/Users/thomaspeterson/Projects/oas-zod-validator/src/schemas/validator.ts">
        <metrics statements="27" coveredstatements="27" conditionals="17" coveredconditionals="16" methods="2" coveredmethods="2"/>
        <line num="1" count="4" type="stmt"/>
        <line num="2" count="4" type="stmt"/>
        <line num="3" count="4" type="stmt"/>
        <line num="4" count="4" type="stmt"/>
        <line num="18" count="50" type="cond" truecount="3" falsecount="0"/>
        <line num="19" count="11" type="stmt"/>
        <line num="22" count="39" type="cond" truecount="1" falsecount="0"/>
        <line num="23" count="8" type="stmt"/>
        <line num="25" count="31" type="cond" truecount="1" falsecount="0"/>
        <line num="26" count="23" type="stmt"/>
        <line num="28" count="8" type="stmt"/>
        <line num="31" count="4" type="stmt"/>
        <line num="35" count="55" type="stmt"/>
        <line num="37" count="55" type="stmt"/>
        <line num="38" count="55" type="stmt"/>
        <line num="42" count="55" type="cond" truecount="5" falsecount="0"/>
        <line num="43" count="5" type="stmt"/>
        <line num="45" count="50" type="stmt"/>
        <line num="46" count="31" type="cond" truecount="2" falsecount="0"/>
        <line num="47" count="8" type="stmt"/>
        <line num="49" count="23" type="stmt"/>
        <line num="53" count="32" type="cond" truecount="1" falsecount="0"/>
        <line num="54" count="10" type="stmt"/>
        <line num="57" count="30" type="stmt"/>
        <line num="59" count="25" type="cond" truecount="1" falsecount="0"/>
        <line num="60" count="4" type="stmt"/>
        <line num="62" count="21" type="stmt"/>
      </file>
    </package>
    <package name="utils">
      <metrics statements="40" coveredstatements="29" conditionals="22" coveredconditionals="17" methods="4" coveredmethods="4"/>
      <file name="validateFromYaml.ts" path="/Users/thomaspeterson/Projects/oas-zod-validator/src/utils/validateFromYaml.ts">
        <metrics statements="26" coveredstatements="15" conditionals="15" coveredconditionals="10" methods="1" coveredmethods="1"/>
        <line num="1" count="1" type="stmt"/>
        <line num="2" count="1" type="stmt"/>
        <line num="3" count="1" type="stmt"/>
        <line num="5" count="1" type="stmt"/>
        <line num="9" count="28" type="cond" truecount="1" falsecount="0"/>
        <line num="10" count="8" type="stmt"/>
        <line num="23" count="20" type="cond" truecount="1" falsecount="0"/>
        <line num="24" count="3" type="stmt"/>
        <line num="35" count="17" type="stmt"/>
        <line num="36" count="17" type="stmt"/>
        <line num="38" count="12" type="cond" truecount="4" falsecount="0"/>
        <line num="39" count="5" type="stmt"/>
        <line num="52" count="7" type="stmt"/>
        <line num="54" count="5" type="stmt"/>
        <line num="67" count="1" type="cond" truecount="0" falsecount="1"/>
        <line num="68" count="0" type="stmt"/>
        <line num="69" count="0" type="cond" truecount="0" falsecount="1"/>
        <line num="70" count="0" type="stmt"/>
        <line num="71" count="0" type="stmt"/>
        <line num="74" count="0" type="stmt"/>
        <line num="75" count="0" type="stmt"/>
        <line num="76" count="0" type="cond" truecount="0" falsecount="2"/>
        <line num="77" count="0" type="stmt"/>
        <line num="79" count="0" type="stmt"/>
        <line num="82" count="0" type="stmt"/>
        <line num="83" count="0" type="stmt"/>
      </file>
      <file name="verifyRefTargets.ts" path="/Users/thomaspeterson/Projects/oas-zod-validator/src/utils/verifyRefTargets.ts">
        <metrics statements="14" coveredstatements="14" conditionals="7" coveredconditionals="7" methods="3" coveredmethods="3"/>
        <line num="1" count="4" type="stmt"/>
        <line num="3" count="4" type="stmt"/>
        <line num="4" count="10" type="stmt"/>
        <line num="5" count="192" type="cond" truecount="3" falsecount="0"/>
        <line num="7" count="130" type="cond" truecount="3" falsecount="0"/>
        <line num="8" count="11" type="stmt"/>
        <line num="9" count="11" type="stmt"/>
        <line num="12" count="119" type="stmt"/>
        <line num="16" count="10" type="stmt"/>
        <line num="19" count="10" type="stmt"/>
        <line num="20" count="11" type="stmt"/>
        <line num="21" count="11" type="stmt"/>
        <line num="23" count="11" type="cond" truecount="1" falsecount="0"/>
        <line num="24" count="2" type="stmt"/>
      </file>
    </package>
  </project>
</coverage>
