{"/Users/thomaspeterson/Projects/oas-zod-validator/src/schemas/components.ts": {"path":"/Users/thomaspeterson/Projects/oas-zod-validator/src/schemas/components.ts","statementMap":{"0":{"start":{"line":1,"column":0},"end":{"line":1,"column":24}},"1":{"start":{"line":2,"column":0},"end":{"line":2,"column":55}},"2":{"start":{"line":3,"column":0},"end":{"line":3,"column":70}},"3":{"start":{"line":6,"column":24},"end":{"line":13,"column":2}},"4":{"start":{"line":16,"column":21},"end":{"line":21,"column":2}},"5":{"start":{"line":24,"column":22},"end":{"line":31,"column":null}},"6":{"start":{"line":30,"column":10},"end":{"line":30,"column":45}},"7":{"start":{"line":35,"column":19},"end":{"line":44,"column":null}},"8":{"start":{"line":43,"column":10},"end":{"line":43,"column":50}},"9":{"start":{"line":48,"column":23},"end":{"line":50,"column":null}},"10":{"start":{"line":54,"column":13},"end":{"line":104,"column":2}},"11":{"start":{"line":102,"column":10},"end":{"line":102,"column":38}}},"fnMap":{"0":{"name":"(anonymous_0)","decl":{"start":{"line":30,"column":2},"end":{"line":30,"column":6}},"loc":{"start":{"line":30,"column":10},"end":{"line":30,"column":45}}},"1":{"name":"(anonymous_1)","decl":{"start":{"line":43,"column":2},"end":{"line":43,"column":6}},"loc":{"start":{"line":43,"column":10},"end":{"line":43,"column":50}}},"2":{"name":"(anonymous_2)","decl":{"start":{"line":102,"column":2},"end":{"line":102,"column":6}},"loc":{"start":{"line":102,"column":10},"end":{"line":102,"column":38}}}},"branchMap":{"0":{"loc":{"start":{"line":30,"column":12},"end":{"line":30,"column":44}},"type":"binary-expr","locations":[{"start":{"line":30,"column":12},"end":{"line":30,"column":22}},{"start":{"line":30,"column":26},"end":{"line":30,"column":44}}]},"1":{"loc":{"start":{"line":43,"column":12},"end":{"line":43,"column":49}},"type":"binary-expr","locations":[{"start":{"line":43,"column":12},"end":{"line":43,"column":29}},{"start":{"line":43,"column":33},"end":{"line":43,"column":49}}]}},"s":{"0":4,"1":4,"2":4,"3":4,"4":4,"5":4,"6":4,"7":4,"8":1,"9":4,"10":4,"11":13},"f":{"0":4,"1":1,"2":13},"b":{"0":[4,2],"1":[1,1]}}
,"/Users/thomaspeterson/Projects/oas-zod-validator/src/schemas/core.ts": {"path":"/Users/thomaspeterson/Projects/oas-zod-validator/src/schemas/core.ts","statementMap":{"0":{"start":{"line":1,"column":0},"end":{"line":1,"column":24}},"1":{"start":{"line":4,"column":13},"end":{"line":10,"column":3}},"2":{"start":{"line":13,"column":13},"end":{"line":50,"column":2}},"3":{"start":{"line":14,"column":2},"end":{"line":49,"column":4}},"4":{"start":{"line":39,"column":4},"end":{"line":41,"column":5}},"5":{"start":{"line":40,"column":6},"end":{"line":40,"column":19}},"6":{"start":{"line":43,"column":4},"end":{"line":45,"column":5}},"7":{"start":{"line":44,"column":6},"end":{"line":44,"column":19}},"8":{"start":{"line":46,"column":4},"end":{"line":46,"column":16}},"9":{"start":{"line":53,"column":13},"end":{"line":53,"column":63}},"10":{"start":{"line":56,"column":13},"end":{"line":61,"column":3}},"11":{"start":{"line":57,"column":20},"end":{"line":57,"column":73}},"12":{"start":{"line":57,"column":51},"end":{"line":57,"column":72}},"13":{"start":{"line":58,"column":2},"end":{"line":58,"column":32}}},"fnMap":{"0":{"name":"(anonymous_0)","decl":{"start":{"line":13,"column":51},"end":{"line":13,"column":54}},"loc":{"start":{"line":14,"column":2},"end":{"line":49,"column":4}}},"1":{"name":"(anonymous_1)","decl":{"start":{"line":37,"column":12},"end":{"line":37,"column":13}},"loc":{"start":{"line":37,"column":23},"end":{"line":47,"column":3}}},"2":{"name":"(anonymous_2)","decl":{"start":{"line":56,"column":70},"end":{"line":56,"column":71}},"loc":{"start":{"line":56,"column":78},"end":{"line":59,"column":1}}},"3":{"name":"(anonymous_3)","decl":{"start":{"line":57,"column":44},"end":{"line":57,"column":47}},"loc":{"start":{"line":57,"column":51},"end":{"line":57,"column":72}}}},"branchMap":{"0":{"loc":{"start":{"line":39,"column":4},"end":{"line":41,"column":5}},"type":"if","locations":[{"start":{"line":39,"column":4},"end":{"line":41,"column":5}}]},"1":{"loc":{"start":{"line":39,"column":8},"end":{"line":39,"column":48}},"type":"binary-expr","locations":[{"start":{"line":39,"column":8},"end":{"line":39,"column":31}},{"start":{"line":39,"column":35},"end":{"line":39,"column":48}}]},"2":{"loc":{"start":{"line":43,"column":4},"end":{"line":45,"column":5}},"type":"if","locations":[{"start":{"line":43,"column":4},"end":{"line":45,"column":5}}]},"3":{"loc":{"start":{"line":43,"column":8},"end":{"line":43,"column":86}},"type":"binary-expr","locations":[{"start":{"line":43,"column":8},"end":{"line":43,"column":32}},{"start":{"line":43,"column":36},"end":{"line":43,"column":54}},{"start":{"line":43,"column":58},"end":{"line":43,"column":86}}]}},"s":{"0":5,"1":5,"2":5,"3":40,"4":35,"5":0,"6":35,"7":1,"8":34,"9":5,"10":5,"11":0,"12":0,"13":0},"f":{"0":40,"1":35,"2":0,"3":0},"b":{"0":[0],"1":[35,1],"2":[1],"3":[35,10,1]}}
,"/Users/thomaspeterson/Projects/oas-zod-validator/src/schemas/openapi.ts": {"path":"/Users/thomaspeterson/Projects/oas-zod-validator/src/schemas/openapi.ts","statementMap":{"0":{"start":{"line":1,"column":0},"end":{"line":1,"column":24}},"1":{"start":{"line":2,"column":0},"end":{"line":2,"column":48}},"2":{"start":{"line":3,"column":0},"end":{"line":3,"column":38}},"3":{"start":{"line":5,"column":13},"end":{"line":13,"column":3}},"4":{"start":{"line":15,"column":13},"end":{"line":48,"column":3}}},"fnMap":{},"branchMap":{},"s":{"0":3,"1":3,"2":3,"3":3,"4":3},"f":{},"b":{}}
,"/Users/thomaspeterson/Projects/oas-zod-validator/src/schemas/openapi31.ts": {"path":"/Users/thomaspeterson/Projects/oas-zod-validator/src/schemas/openapi31.ts","statementMap":{"0":{"start":{"line":1,"column":0},"end":{"line":1,"column":24}},"1":{"start":{"line":2,"column":0},"end":{"line":2,"column":38}},"2":{"start":{"line":3,"column":0},"end":{"line":3,"column":48}},"3":{"start":{"line":4,"column":0},"end":{"line":4,"column":70}},"4":{"start":{"line":8,"column":31},"end":{"line":11,"column":16}},"5":{"start":{"line":10,"column":72},"end":{"line":10,"column":100}},"6":{"start":{"line":13,"column":23},"end":{"line":24,"column":null}},"7":{"start":{"line":27,"column":13},"end":{"line":86,"column":3}}},"fnMap":{"0":{"name":"(anonymous_0)","decl":{"start":{"line":10,"column":66},"end":{"line":10,"column":69}},"loc":{"start":{"line":10,"column":72},"end":{"line":10,"column":100}}}},"branchMap":{},"s":{"0":3,"1":3,"2":3,"3":3,"4":3,"5":0,"6":3,"7":3},"f":{"0":0},"b":{}}
,"/Users/thomaspeterson/Projects/oas-zod-validator/src/schemas/paths.ts": {"path":"/Users/thomaspeterson/Projects/oas-zod-validator/src/schemas/paths.ts","statementMap":{"0":{"start":{"line":1,"column":0},"end":{"line":1,"column":24}},"1":{"start":{"line":2,"column":0},"end":{"line":2,"column":73}},"2":{"start":{"line":3,"column":0},"end":{"line":3,"column":70}},"3":{"start":{"line":6,"column":28},"end":{"line":14,"column":11}},"4":{"start":{"line":16,"column":22},"end":{"line":16,"column":73}},"5":{"start":{"line":19,"column":13},"end":{"line":52,"column":3}},"6":{"start":{"line":55,"column":13},"end":{"line":85,"column":25}},"7":{"start":{"line":79,"column":4},"end":{"line":79,"column":45}},"8":{"start":{"line":88,"column":13},"end":{"line":113,"column":3}},"9":{"start":{"line":109,"column":21},"end":{"line":109,"column":90}},"10":{"start":{"line":110,"column":2},"end":{"line":110,"column":47}},"11":{"start":{"line":110,"column":31},"end":{"line":110,"column":45}},"12":{"start":{"line":116,"column":13},"end":{"line":140,"column":3}},"13":{"start":{"line":125,"column":21},"end":{"line":125,"column":30}},"14":{"start":{"line":126,"column":2},"end":{"line":136,"column":3}},"15":{"start":{"line":127,"column":20},"end":{"line":127,"column":46}},"16":{"start":{"line":128,"column":4},"end":{"line":135,"column":5}},"17":{"start":{"line":129,"column":6},"end":{"line":134,"column":7}},"18":{"start":{"line":130,"column":8},"end":{"line":132,"column":9}},"19":{"start":{"line":131,"column":10},"end":{"line":131,"column":23}},"20":{"start":{"line":133,"column":8},"end":{"line":133,"column":30}},"21":{"start":{"line":137,"column":2},"end":{"line":137,"column":14}}},"fnMap":{"0":{"name":"(anonymous_0)","decl":{"start":{"line":77,"column":11},"end":{"line":77,"column":12}},"loc":{"start":{"line":77,"column":25},"end":{"line":80,"column":3}}},"1":{"name":"(anonymous_1)","decl":{"start":{"line":107,"column":8},"end":{"line":107,"column":9}},"loc":{"start":{"line":107,"column":21},"end":{"line":111,"column":1}}},"2":{"name":"(anonymous_2)","decl":{"start":{"line":110,"column":25},"end":{"line":110,"column":27}},"loc":{"start":{"line":110,"column":31},"end":{"line":110,"column":45}}},"3":{"name":"(anonymous_3)","decl":{"start":{"line":123,"column":9},"end":{"line":123,"column":10}},"loc":{"start":{"line":123,"column":19},"end":{"line":138,"column":1}}}},"branchMap":{"0":{"loc":{"start":{"line":128,"column":4},"end":{"line":135,"column":5}},"type":"if","locations":[{"start":{"line":128,"column":4},"end":{"line":135,"column":5}}]},"1":{"loc":{"start":{"line":130,"column":8},"end":{"line":132,"column":9}},"type":"if","locations":[{"start":{"line":130,"column":8},"end":{"line":132,"column":9}}]}},"s":{"0":4,"1":4,"2":4,"3":4,"4":4,"5":4,"6":4,"7":21,"8":4,"9":17,"10":17,"11":28,"12":4,"13":19,"14":19,"15":13,"16":13,"17":5,"18":5,"19":1,"20":4,"21":18},"f":{"0":21,"1":17,"2":28,"3":19},"b":{"0":[5],"1":[1]}}
,"/Users/thomaspeterson/Projects/oas-zod-validator/src/schemas/reference.ts": {"path":"/Users/thomaspeterson/Projects/oas-zod-validator/src/schemas/reference.ts","statementMap":{"0":{"start":{"line":1,"column":0},"end":{"line":1,"column":24}},"1":{"start":{"line":12,"column":4},"end":{"line":12,"column":29}},"2":{"start":{"line":13,"column":4},"end":{"line":13,"column":27}},"3":{"start":{"line":17,"column":4},"end":{"line":19,"column":5}},"4":{"start":{"line":18,"column":6},"end":{"line":18,"column":33}},"5":{"start":{"line":21,"column":18},"end":{"line":21,"column":32}},"6":{"start":{"line":22,"column":4},"end":{"line":24,"column":5}},"7":{"start":{"line":23,"column":6},"end":{"line":23,"column":61}},"8":{"start":{"line":26,"column":18},"end":{"line":26,"column":31}},"9":{"start":{"line":27,"column":4},"end":{"line":32,"column":5}},"10":{"start":{"line":27,"column":17},"end":{"line":27,"column":18}},"11":{"start":{"line":28,"column":6},"end":{"line":28,"column":34}},"12":{"start":{"line":29,"column":6},"end":{"line":31,"column":7}},"13":{"start":{"line":30,"column":8},"end":{"line":30,"column":53}},"14":{"start":{"line":34,"column":4},"end":{"line":34,"column":33}},"15":{"start":{"line":35,"column":4},"end":{"line":35,"column":19}},"16":{"start":{"line":7,"column":0},"end":{"line":7,"column":13}},"17":{"start":{"line":39,"column":31},"end":{"line":62,"column":1}},"18":{"start":{"line":40,"column":2},"end":{"line":61,"column":5}},"19":{"start":{"line":41,"column":4},"end":{"line":60,"column":5}},"20":{"start":{"line":42,"column":6},"end":{"line":59,"column":7}},"21":{"start":{"line":43,"column":25},"end":{"line":43,"column":52}},"22":{"start":{"line":45,"column":23},"end":{"line":45,"column":49}},"23":{"start":{"line":46,"column":8},"end":{"line":52,"column":9}},"24":{"start":{"line":47,"column":10},"end":{"line":51,"column":13}},"25":{"start":{"line":54,"column":8},"end":{"line":58,"column":11}},"26":{"start":{"line":39,"column":13},"end":{"line":39,"column":31}}},"fnMap":{"0":{"name":"(anonymous_0)","decl":{"start":{"line":11,"column":2},"end":{"line":11,"column":14}},"loc":{"start":{"line":11,"column":27},"end":{"line":14,"column":3}}},"1":{"name":"(anonymous_1)","decl":{"start":{"line":16,"column":2},"end":{"line":16,"column":9}},"loc":{"start":{"line":16,"column":21},"end":{"line":36,"column":3}}},"2":{"name":"(anonymous_2)","decl":{"start":{"line":39,"column":31},"end":{"line":39,"column":32}},"loc":{"start":{"line":39,"column":82},"end":{"line":62,"column":1}}},"3":{"name":"(anonymous_3)","decl":{"start":{"line":40,"column":28},"end":{"line":40,"column":29}},"loc":{"start":{"line":40,"column":42},"end":{"line":61,"column":3}}}},"branchMap":{"0":{"loc":{"start":{"line":17,"column":4},"end":{"line":19,"column":5}},"type":"if","locations":[{"start":{"line":17,"column":4},"end":{"line":19,"column":5}}]},"1":{"loc":{"start":{"line":22,"column":4},"end":{"line":24,"column":5}},"type":"if","locations":[{"start":{"line":22,"column":4},"end":{"line":24,"column":5}}]},"2":{"loc":{"start":{"line":29,"column":6},"end":{"line":31,"column":7}},"type":"if","locations":[{"start":{"line":29,"column":6},"end":{"line":31,"column":7}}]},"3":{"loc":{"start":{"line":41,"column":4},"end":{"line":60,"column":5}},"type":"if","locations":[{"start":{"line":41,"column":4},"end":{"line":60,"column":5}}]},"4":{"loc":{"start":{"line":41,"column":8},"end":{"line":41,"column":58}},"type":"binary-expr","locations":[{"start":{"line":41,"column":8},"end":{"line":41,"column":12}},{"start":{"line":41,"column":16},"end":{"line":41,"column":40}},{"start":{"line":41,"column":44},"end":{"line":41,"column":58}}]},"5":{"loc":{"start":{"line":46,"column":8},"end":{"line":52,"column":9}},"type":"if","locations":[{"start":{"line":46,"column":8},"end":{"line":52,"column":9}}]},"6":{"loc":{"start":{"line":56,"column":19},"end":{"line":56,"column":79}},"type":"cond-expr","locations":[{"start":{"line":56,"column":44},"end":{"line":56,"column":57}},{"start":{"line":56,"column":60},"end":{"line":56,"column":79}}]}},"s":{"0":0,"1":0,"2":0,"3":0,"4":0,"5":0,"6":0,"7":0,"8":0,"9":0,"10":0,"11":0,"12":0,"13":0,"14":0,"15":0,"16":0,"17":0,"18":0,"19":0,"20":0,"21":0,"22":0,"23":0,"24":0,"25":0,"26":0},"f":{"0":0,"1":0,"2":0,"3":0},"b":{"0":[0],"1":[0],"2":[0],"3":[0],"4":[0,0,0],"5":[0],"6":[0,0]}}
,"/Users/thomaspeterson/Projects/oas-zod-validator/src/schemas/requestResponse.ts": {"path":"/Users/thomaspeterson/Projects/oas-zod-validator/src/schemas/requestResponse.ts","statementMap":{"0":{"start":{"line":1,"column":0},"end":{"line":1,"column":24}},"1":{"start":{"line":2,"column":0},"end":{"line":2,"column":55}},"2":{"start":{"line":5,"column":13},"end":{"line":10,"column":3}},"3":{"start":{"line":13,"column":13},"end":{"line":17,"column":3}},"4":{"start":{"line":20,"column":13},"end":{"line":25,"column":3}}},"fnMap":{},"branchMap":{},"s":{"0":5,"1":5,"2":5,"3":5,"4":5},"f":{},"b":{}}
,"/Users/thomaspeterson/Projects/oas-zod-validator/src/schemas/security.ts": {"path":"/Users/thomaspeterson/Projects/oas-zod-validator/src/schemas/security.ts","statementMap":{"0":{"start":{"line":1,"column":0},"end":{"line":1,"column":24}},"1":{"start":{"line":3,"column":13},"end":{"line":48,"column":3}}},"fnMap":{},"branchMap":{},"s":{"0":0,"1":0},"f":{},"b":{}}
,"/Users/thomaspeterson/Projects/oas-zod-validator/src/schemas/validator.ts": {"path":"/Users/thomaspeterson/Projects/oas-zod-validator/src/schemas/validator.ts","statementMap":{"0":{"start":{"line":27,"column":0},"end":{"line":27,"column":16}},"1":{"start":{"line":1,"column":0},"end":{"line":1,"column":24}},"2":{"start":{"line":2,"column":0},"end":{"line":2,"column":42}},"3":{"start":{"line":3,"column":0},"end":{"line":3,"column":46}},"4":{"start":{"line":4,"column":0},"end":{"line":4,"column":61}},"5":{"start":{"line":18,"column":2},"end":{"line":20,"column":3}},"6":{"start":{"line":19,"column":4},"end":{"line":19,"column":17}},"7":{"start":{"line":21,"column":2},"end":{"line":23,"column":3}},"8":{"start":{"line":22,"column":4},"end":{"line":22,"column":17}},"9":{"start":{"line":24,"column":2},"end":{"line":24,"column":15}},"10":{"start":{"line":31,"column":33},"end":{"line":31,"column":35}},"11":{"start":{"line":33,"column":19},"end":{"line":44,"column":3}},"12":{"start":{"line":34,"column":4},"end":{"line":43,"column":5}},"13":{"start":{"line":35,"column":6},"end":{"line":37,"column":7}},"14":{"start":{"line":36,"column":8},"end":{"line":36,"column":36}},"15":{"start":{"line":38,"column":6},"end":{"line":42,"column":7}},"16":{"start":{"line":39,"column":8},"end":{"line":41,"column":9}},"17":{"start":{"line":40,"column":10},"end":{"line":40,"column":26}},"18":{"start":{"line":46,"column":2},"end":{"line":74,"column":3}},"19":{"start":{"line":48,"column":24},"end":{"line":48,"column":59}},"20":{"start":{"line":50,"column":4},"end":{"line":60,"column":5}},"21":{"start":{"line":52,"column":6},"end":{"line":52,"column":50}},"22":{"start":{"line":54,"column":22},"end":{"line":54,"column":55}},"23":{"start":{"line":55,"column":6},"end":{"line":59,"column":7}},"24":{"start":{"line":56,"column":8},"end":{"line":56,"column":52}},"25":{"start":{"line":58,"column":8},"end":{"line":58,"column":50}},"26":{"start":{"line":62,"column":4},"end":{"line":62,"column":21}},"27":{"start":{"line":64,"column":4},"end":{"line":66,"column":5}},"28":{"start":{"line":65,"column":6},"end":{"line":65,"column":45}},"29":{"start":{"line":68,"column":4},"end":{"line":68,"column":41}},"30":{"start":{"line":70,"column":4},"end":{"line":72,"column":5}},"31":{"start":{"line":71,"column":6},"end":{"line":71,"column":59}},"32":{"start":{"line":73,"column":4},"end":{"line":73,"column":16}}},"fnMap":{"0":{"name":"detectOpenAPIVersion","decl":{"start":{"line":17,"column":9},"end":{"line":17,"column":29}},"loc":{"start":{"line":17,"column":38},"end":{"line":25,"column":1}}},"1":{"name":"validateOpenAPI","decl":{"start":{"line":27,"column":16},"end":{"line":27,"column":31}},"loc":{"start":{"line":29,"column":33},"end":{"line":75,"column":1}}},"2":{"name":"(anonymous_2)","decl":{"start":{"line":33,"column":19},"end":{"line":33,"column":20}},"loc":{"start":{"line":33,"column":32},"end":{"line":44,"column":3}}}},"branchMap":{"0":{"loc":{"start":{"line":18,"column":2},"end":{"line":20,"column":3}},"type":"if","locations":[{"start":{"line":18,"column":2},"end":{"line":20,"column":3}}]},"1":{"loc":{"start":{"line":18,"column":6},"end":{"line":18,"column":45}},"type":"binary-expr","locations":[{"start":{"line":18,"column":6},"end":{"line":18,"column":10}},{"start":{"line":18,"column":14},"end":{"line":18,"column":45}}]},"2":{"loc":{"start":{"line":21,"column":2},"end":{"line":23,"column":3}},"type":"if","locations":[{"start":{"line":21,"column":2},"end":{"line":23,"column":3}}]},"3":{"loc":{"start":{"line":29,"column":2},"end":{"line":29,"column":33}},"type":"default-arg","locations":[{"start":{"line":29,"column":31},"end":{"line":29,"column":33}}]},"4":{"loc":{"start":{"line":34,"column":4},"end":{"line":43,"column":5}},"type":"if","locations":[{"start":{"line":34,"column":4},"end":{"line":43,"column":5}}]},"5":{"loc":{"start":{"line":34,"column":8},"end":{"line":34,"column":38}},"type":"binary-expr","locations":[{"start":{"line":34,"column":8},"end":{"line":34,"column":11}},{"start":{"line":34,"column":15},"end":{"line":34,"column":38}}]},"6":{"loc":{"start":{"line":35,"column":6},"end":{"line":37,"column":7}},"type":"if","locations":[{"start":{"line":35,"column":6},"end":{"line":37,"column":7}}]},"7":{"loc":{"start":{"line":35,"column":10},"end":{"line":35,"column":50}},"type":"binary-expr","locations":[{"start":{"line":35,"column":10},"end":{"line":35,"column":18}},{"start":{"line":35,"column":22},"end":{"line":35,"column":50}}]},"8":{"loc":{"start":{"line":39,"column":8},"end":{"line":41,"column":9}},"type":"if","locations":[{"start":{"line":39,"column":8},"end":{"line":41,"column":9}}]},"9":{"loc":{"start":{"line":39,"column":12},"end":{"line":39,"column":55}},"type":"binary-expr","locations":[{"start":{"line":39,"column":12},"end":{"line":39,"column":37}},{"start":{"line":39,"column":41},"end":{"line":39,"column":55}}]},"10":{"loc":{"start":{"line":50,"column":4},"end":{"line":60,"column":5}},"type":"if","locations":[{"start":{"line":50,"column":4},"end":{"line":60,"column":5}},{"start":{"line":53,"column":11},"end":{"line":60,"column":5}}]},"11":{"loc":{"start":{"line":55,"column":6},"end":{"line":59,"column":7}},"type":"if","locations":[{"start":{"line":55,"column":6},"end":{"line":59,"column":7}},{"start":{"line":57,"column":13},"end":{"line":59,"column":7}}]},"12":{"loc":{"start":{"line":64,"column":4},"end":{"line":66,"column":5}},"type":"if","locations":[{"start":{"line":64,"column":4},"end":{"line":66,"column":5}}]},"13":{"loc":{"start":{"line":70,"column":4},"end":{"line":72,"column":5}},"type":"if","locations":[{"start":{"line":70,"column":4},"end":{"line":72,"column":5}}]}},"s":{"0":3,"1":3,"2":3,"3":3,"4":3,"5":14,"6":1,"7":13,"8":2,"9":11,"10":18,"11":18,"12":125,"13":125,"14":3,"15":125,"16":210,"17":114,"18":18,"19":18,"20":18,"21":4,"22":14,"23":14,"24":2,"25":12,"26":11,"27":11,"28":0,"29":11,"30":7,"31":7,"32":0},"f":{"0":14,"1":18,"2":125},"b":{"0":[1],"1":[14,14],"2":[2],"3":[13],"4":[125],"5":[125,125],"6":[3],"7":[125,3],"8":[114],"9":[210,114],"10":[4,14],"11":[2,12],"12":[0],"13":[7]}}
,"/Users/thomaspeterson/Projects/oas-zod-validator/src/utils/validateFromYaml.ts": {"path":"/Users/thomaspeterson/Projects/oas-zod-validator/src/utils/validateFromYaml.ts","statementMap":{"0":{"start":{"line":7,"column":0},"end":{"line":7,"column":16}},"1":{"start":{"line":1,"column":0},"end":{"line":1,"column":20}},"2":{"start":{"line":3,"column":0},"end":{"line":3,"column":27}},"3":{"start":{"line":4,"column":0},"end":{"line":4,"column":24}},"4":{"start":{"line":5,"column":0},"end":{"line":5,"column":55}},"5":{"start":{"line":8,"column":23},"end":{"line":8,"column":71}},"6":{"start":{"line":9,"column":20},"end":{"line":9,"column":43}},"7":{"start":{"line":12,"column":2},"end":{"line":12,"column":70}},"8":{"start":{"line":16,"column":0},"end":{"line":29,"column":1}},"9":{"start":{"line":17,"column":19},"end":{"line":17,"column":34}},"10":{"start":{"line":18,"column":2},"end":{"line":21,"column":3}},"11":{"start":{"line":19,"column":4},"end":{"line":19,"column":68}},"12":{"start":{"line":20,"column":4},"end":{"line":20,"column":20}},"13":{"start":{"line":23,"column":17},"end":{"line":23,"column":43}},"14":{"start":{"line":24,"column":2},"end":{"line":28,"column":3}},"15":{"start":{"line":25,"column":4},"end":{"line":25,"column":64}},"16":{"start":{"line":27,"column":4},"end":{"line":27,"column":62}}},"fnMap":{"0":{"name":"validateFromYAML","decl":{"start":{"line":7,"column":16},"end":{"line":7,"column":32}},"loc":{"start":{"line":7,"column":49},"end":{"line":13,"column":1}}}},"branchMap":{"0":{"loc":{"start":{"line":16,"column":0},"end":{"line":29,"column":1}},"type":"if","locations":[{"start":{"line":16,"column":0},"end":{"line":29,"column":1}}]},"1":{"loc":{"start":{"line":18,"column":2},"end":{"line":21,"column":3}},"type":"if","locations":[{"start":{"line":18,"column":2},"end":{"line":21,"column":3}}]},"2":{"loc":{"start":{"line":24,"column":2},"end":{"line":28,"column":3}},"type":"if","locations":[{"start":{"line":24,"column":2},"end":{"line":28,"column":3}},{"start":{"line":26,"column":9},"end":{"line":28,"column":3}}]}},"s":{"0":0,"1":0,"2":0,"3":0,"4":0,"5":0,"6":0,"7":0,"8":0,"9":0,"10":0,"11":0,"12":0,"13":0,"14":0,"15":0,"16":0},"f":{"0":0},"b":{"0":[0],"1":[0],"2":[0,0]}}
,"/Users/thomaspeterson/Projects/oas-zod-validator/src/utils/verifyRefTargets.ts": {"path":"/Users/thomaspeterson/Projects/oas-zod-validator/src/utils/verifyRefTargets.ts","statementMap":{"0":{"start":{"line":1,"column":0},"end":{"line":1,"column":16}},"1":{"start":{"line":2,"column":2},"end":{"line":2,"column":37}},"2":{"start":{"line":2,"column":30},"end":{"line":2,"column":37}},"3":{"start":{"line":6,"column":2},"end":{"line":15,"column":3}},"4":{"start":{"line":7,"column":22},"end":{"line":7,"column":49}},"5":{"start":{"line":8,"column":18},"end":{"line":8,"column":28}},"6":{"start":{"line":9,"column":4},"end":{"line":14,"column":5}},"7":{"start":{"line":10,"column":6},"end":{"line":12,"column":7}},"8":{"start":{"line":11,"column":8},"end":{"line":11,"column":55}},"9":{"start":{"line":13,"column":6},"end":{"line":13,"column":30}}},"fnMap":{"0":{"name":"verifyRefTargets","decl":{"start":{"line":1,"column":16},"end":{"line":1,"column":32}},"loc":{"start":{"line":1,"column":64},"end":{"line":16,"column":1}}}},"branchMap":{"0":{"loc":{"start":{"line":2,"column":2},"end":{"line":2,"column":37}},"type":"if","locations":[{"start":{"line":2,"column":2},"end":{"line":2,"column":37}}]},"1":{"loc":{"start":{"line":10,"column":6},"end":{"line":12,"column":7}},"type":"if","locations":[{"start":{"line":10,"column":6},"end":{"line":12,"column":7}}]},"2":{"loc":{"start":{"line":10,"column":10},"end":{"line":10,"column":79}},"type":"binary-expr","locations":[{"start":{"line":10,"column":10},"end":{"line":10,"column":37}},{"start":{"line":10,"column":41},"end":{"line":10,"column":57}},{"start":{"line":10,"column":61},"end":{"line":10,"column":79}}]}},"s":{"0":3,"1":0,"2":0,"3":0,"4":0,"5":0,"6":0,"7":0,"8":0,"9":0},"f":{"0":0},"b":{"0":[0],"1":[0],"2":[0,0,0]}}
}
