{"/Users/thomaspeterson/Projects/oas-zod-validator/src/schemas/components.ts": {"path":"/Users/thomaspeterson/Projects/oas-zod-validator/src/schemas/components.ts","statementMap":{"0":{"start":{"line":1,"column":0},"end":{"line":1,"column":24}},"1":{"start":{"line":2,"column":0},"end":{"line":2,"column":55}},"2":{"start":{"line":3,"column":0},"end":{"line":3,"column":70}},"3":{"start":{"line":6,"column":24},"end":{"line":13,"column":2}},"4":{"start":{"line":16,"column":21},"end":{"line":21,"column":2}},"5":{"start":{"line":24,"column":22},"end":{"line":31,"column":null}},"6":{"start":{"line":30,"column":10},"end":{"line":30,"column":45}},"7":{"start":{"line":35,"column":19},"end":{"line":44,"column":null}},"8":{"start":{"line":43,"column":10},"end":{"line":43,"column":50}},"9":{"start":{"line":48,"column":23},"end":{"line":50,"column":null}},"10":{"start":{"line":54,"column":13},"end":{"line":104,"column":2}},"11":{"start":{"line":102,"column":10},"end":{"line":102,"column":38}}},"fnMap":{"0":{"name":"(anonymous_0)","decl":{"start":{"line":30,"column":2},"end":{"line":30,"column":6}},"loc":{"start":{"line":30,"column":10},"end":{"line":30,"column":45}}},"1":{"name":"(anonymous_1)","decl":{"start":{"line":43,"column":2},"end":{"line":43,"column":6}},"loc":{"start":{"line":43,"column":10},"end":{"line":43,"column":50}}},"2":{"name":"(anonymous_2)","decl":{"start":{"line":102,"column":2},"end":{"line":102,"column":6}},"loc":{"start":{"line":102,"column":10},"end":{"line":102,"column":38}}}},"branchMap":{"0":{"loc":{"start":{"line":30,"column":12},"end":{"line":30,"column":44}},"type":"binary-expr","locations":[{"start":{"line":30,"column":12},"end":{"line":30,"column":22}},{"start":{"line":30,"column":26},"end":{"line":30,"column":44}}]},"1":{"loc":{"start":{"line":43,"column":12},"end":{"line":43,"column":49}},"type":"binary-expr","locations":[{"start":{"line":43,"column":12},"end":{"line":43,"column":29}},{"start":{"line":43,"column":33},"end":{"line":43,"column":49}}]}},"s":{"0":6,"1":6,"2":6,"3":6,"4":6,"5":6,"6":1,"7":6,"8":1,"9":6,"10":6,"11":15},"f":{"0":1,"1":1,"2":15},"b":{"0":[1,1],"1":[1,0]}}
,"/Users/thomaspeterson/Projects/oas-zod-validator/src/schemas/core.ts": {"path":"/Users/thomaspeterson/Projects/oas-zod-validator/src/schemas/core.ts","statementMap":{"0":{"start":{"line":1,"column":0},"end":{"line":1,"column":24}},"1":{"start":{"line":4,"column":13},"end":{"line":10,"column":12}},"2":{"start":{"line":13,"column":13},"end":{"line":50,"column":2}},"3":{"start":{"line":14,"column":2},"end":{"line":49,"column":4}},"4":{"start":{"line":39,"column":4},"end":{"line":41,"column":5}},"5":{"start":{"line":40,"column":6},"end":{"line":40,"column":19}},"6":{"start":{"line":43,"column":4},"end":{"line":45,"column":5}},"7":{"start":{"line":44,"column":6},"end":{"line":44,"column":19}},"8":{"start":{"line":46,"column":4},"end":{"line":46,"column":16}},"9":{"start":{"line":53,"column":13},"end":{"line":53,"column":59}},"10":{"start":{"line":56,"column":13},"end":{"line":61,"column":3}},"11":{"start":{"line":57,"column":20},"end":{"line":57,"column":73}},"12":{"start":{"line":57,"column":51},"end":{"line":57,"column":72}},"13":{"start":{"line":58,"column":2},"end":{"line":58,"column":32}}},"fnMap":{"0":{"name":"(anonymous_0)","decl":{"start":{"line":13,"column":46},"end":{"line":13,"column":49}},"loc":{"start":{"line":14,"column":2},"end":{"line":49,"column":4}}},"1":{"name":"(anonymous_1)","decl":{"start":{"line":37,"column":12},"end":{"line":37,"column":13}},"loc":{"start":{"line":37,"column":23},"end":{"line":47,"column":3}}},"2":{"name":"(anonymous_2)","decl":{"start":{"line":56,"column":74},"end":{"line":56,"column":75}},"loc":{"start":{"line":56,"column":82},"end":{"line":59,"column":1}}},"3":{"name":"(anonymous_3)","decl":{"start":{"line":57,"column":44},"end":{"line":57,"column":47}},"loc":{"start":{"line":57,"column":51},"end":{"line":57,"column":72}}}},"branchMap":{"0":{"loc":{"start":{"line":39,"column":4},"end":{"line":41,"column":5}},"type":"if","locations":[{"start":{"line":39,"column":4},"end":{"line":41,"column":5}}]},"1":{"loc":{"start":{"line":39,"column":8},"end":{"line":39,"column":48}},"type":"binary-expr","locations":[{"start":{"line":39,"column":8},"end":{"line":39,"column":31}},{"start":{"line":39,"column":35},"end":{"line":39,"column":48}}]},"2":{"loc":{"start":{"line":43,"column":4},"end":{"line":45,"column":5}},"type":"if","locations":[{"start":{"line":43,"column":4},"end":{"line":45,"column":5}}]},"3":{"loc":{"start":{"line":43,"column":8},"end":{"line":43,"column":86}},"type":"binary-expr","locations":[{"start":{"line":43,"column":8},"end":{"line":43,"column":32}},{"start":{"line":43,"column":36},"end":{"line":43,"column":54}},{"start":{"line":43,"column":58},"end":{"line":43,"column":86}}]}},"s":{"0":10,"1":10,"2":10,"3":89,"4":78,"5":0,"6":78,"7":0,"8":78,"9":10,"10":10,"11":2,"12":6,"13":2},"f":{"0":89,"1":78,"2":2,"3":6},"b":{"0":[0],"1":[78,1],"2":[0],"3":[78,29,0]}}
,"/Users/thomaspeterson/Projects/oas-zod-validator/src/schemas/openapi.ts": {"path":"/Users/thomaspeterson/Projects/oas-zod-validator/src/schemas/openapi.ts","statementMap":{"0":{"start":{"line":1,"column":0},"end":{"line":1,"column":24}},"1":{"start":{"line":2,"column":0},"end":{"line":2,"column":48}},"2":{"start":{"line":3,"column":0},"end":{"line":3,"column":38}},"3":{"start":{"line":5,"column":13},"end":{"line":13,"column":3}},"4":{"start":{"line":16,"column":13},"end":{"line":49,"column":3}}},"fnMap":{},"branchMap":{},"s":{"0":5,"1":5,"2":5,"3":5,"4":5},"f":{},"b":{}}
,"/Users/thomaspeterson/Projects/oas-zod-validator/src/schemas/openapi31.ts": {"path":"/Users/thomaspeterson/Projects/oas-zod-validator/src/schemas/openapi31.ts","statementMap":{"0":{"start":{"line":1,"column":0},"end":{"line":1,"column":24}},"1":{"start":{"line":2,"column":0},"end":{"line":2,"column":38}},"2":{"start":{"line":3,"column":0},"end":{"line":3,"column":48}},"3":{"start":{"line":4,"column":0},"end":{"line":4,"column":71}},"4":{"start":{"line":6,"column":31},"end":{"line":10,"column":16}},"5":{"start":{"line":12,"column":22},"end":{"line":21,"column":16}},"6":{"start":{"line":24,"column":13},"end":{"line":34,"column":17}}},"fnMap":{},"branchMap":{},"s":{"0":5,"1":5,"2":5,"3":5,"4":5,"5":5,"6":5},"f":{},"b":{}}
,"/Users/thomaspeterson/Projects/oas-zod-validator/src/schemas/paths.ts": {"path":"/Users/thomaspeterson/Projects/oas-zod-validator/src/schemas/paths.ts","statementMap":{"0":{"start":{"line":1,"column":0},"end":{"line":1,"column":24}},"1":{"start":{"line":2,"column":0},"end":{"line":2,"column":73}},"2":{"start":{"line":3,"column":0},"end":{"line":3,"column":70}},"3":{"start":{"line":6,"column":28},"end":{"line":14,"column":11}},"4":{"start":{"line":17,"column":13},"end":{"line":50,"column":3}},"5":{"start":{"line":53,"column":13},"end":{"line":83,"column":25}},"6":{"start":{"line":77,"column":4},"end":{"line":77,"column":45}},"7":{"start":{"line":86,"column":13},"end":{"line":111,"column":3}},"8":{"start":{"line":107,"column":21},"end":{"line":107,"column":90}},"9":{"start":{"line":108,"column":2},"end":{"line":108,"column":47}},"10":{"start":{"line":108,"column":31},"end":{"line":108,"column":45}},"11":{"start":{"line":114,"column":13},"end":{"line":138,"column":3}},"12":{"start":{"line":123,"column":21},"end":{"line":123,"column":30}},"13":{"start":{"line":124,"column":2},"end":{"line":134,"column":3}},"14":{"start":{"line":125,"column":20},"end":{"line":125,"column":46}},"15":{"start":{"line":126,"column":4},"end":{"line":133,"column":5}},"16":{"start":{"line":127,"column":6},"end":{"line":132,"column":7}},"17":{"start":{"line":128,"column":8},"end":{"line":130,"column":9}},"18":{"start":{"line":129,"column":10},"end":{"line":129,"column":23}},"19":{"start":{"line":131,"column":8},"end":{"line":131,"column":30}},"20":{"start":{"line":135,"column":2},"end":{"line":135,"column":14}}},"fnMap":{"0":{"name":"(anonymous_0)","decl":{"start":{"line":75,"column":11},"end":{"line":75,"column":12}},"loc":{"start":{"line":75,"column":25},"end":{"line":78,"column":3}}},"1":{"name":"(anonymous_1)","decl":{"start":{"line":105,"column":8},"end":{"line":105,"column":9}},"loc":{"start":{"line":105,"column":21},"end":{"line":109,"column":1}}},"2":{"name":"(anonymous_2)","decl":{"start":{"line":108,"column":25},"end":{"line":108,"column":27}},"loc":{"start":{"line":108,"column":31},"end":{"line":108,"column":45}}},"3":{"name":"(anonymous_3)","decl":{"start":{"line":121,"column":9},"end":{"line":121,"column":10}},"loc":{"start":{"line":121,"column":19},"end":{"line":136,"column":1}}}},"branchMap":{"0":{"loc":{"start":{"line":126,"column":4},"end":{"line":133,"column":5}},"type":"if","locations":[{"start":{"line":126,"column":4},"end":{"line":133,"column":5}}]},"1":{"loc":{"start":{"line":128,"column":8},"end":{"line":130,"column":9}},"type":"if","locations":[{"start":{"line":128,"column":8},"end":{"line":130,"column":9}}]}},"s":{"0":7,"1":7,"2":7,"3":7,"4":7,"5":7,"6":23,"7":7,"8":23,"9":23,"10":46,"11":7,"12":34,"13":34,"14":21,"15":21,"16":3,"17":3,"18":0,"19":3,"20":34},"f":{"0":23,"1":23,"2":46,"3":34},"b":{"0":[3],"1":[0]}}
,"/Users/thomaspeterson/Projects/oas-zod-validator/src/schemas/reference.ts": {"path":"/Users/thomaspeterson/Projects/oas-zod-validator/src/schemas/reference.ts","statementMap":{"0":{"start":{"line":11,"column":0},"end":{"line":11,"column":16}},"1":{"start":{"line":18,"column":0},"end":{"line":18,"column":16}},"2":{"start":{"line":1,"column":0},"end":{"line":1,"column":24}},"3":{"start":{"line":3,"column":13},"end":{"line":9,"column":12}},"4":{"start":{"line":12,"column":2},"end":{"line":15,"column":38}},"5":{"start":{"line":19,"column":2},"end":{"line":25,"column":3}},"6":{"start":{"line":20,"column":19},"end":{"line":20,"column":32}},"7":{"start":{"line":21,"column":4},"end":{"line":21,"column":34}},"8":{"start":{"line":22,"column":4},"end":{"line":22,"column":16}},"9":{"start":{"line":24,"column":4},"end":{"line":24,"column":17}}},"fnMap":{"0":{"name":"isReferenceObject","decl":{"start":{"line":11,"column":16},"end":{"line":11,"column":33}},"loc":{"start":{"line":11,"column":46},"end":{"line":16,"column":1}}},"1":{"name":"validateReference","decl":{"start":{"line":18,"column":16},"end":{"line":18,"column":33}},"loc":{"start":{"line":18,"column":45},"end":{"line":26,"column":1}}}},"branchMap":{"0":{"loc":{"start":{"line":12,"column":9},"end":{"line":15,"column":37}},"type":"binary-expr","locations":[{"start":{"line":12,"column":9},"end":{"line":12,"column":21}},{"start":{"line":13,"column":9},"end":{"line":13,"column":32}},{"start":{"line":14,"column":9},"end":{"line":14,"column":22}},{"start":{"line":15,"column":9},"end":{"line":15,"column":37}}]}},"s":{"0":1,"1":1,"2":1,"3":1,"4":8,"5":5,"6":5,"7":5,"8":2,"9":3},"f":{"0":8,"1":5},"b":{"0":[8,7,5,3]}}
,"/Users/thomaspeterson/Projects/oas-zod-validator/src/schemas/requestResponse.ts": {"path":"/Users/thomaspeterson/Projects/oas-zod-validator/src/schemas/requestResponse.ts","statementMap":{"0":{"start":{"line":1,"column":0},"end":{"line":1,"column":24}},"1":{"start":{"line":2,"column":0},"end":{"line":2,"column":55}},"2":{"start":{"line":5,"column":13},"end":{"line":17,"column":17}},"3":{"start":{"line":13,"column":19},"end":{"line":13,"column":52}},"4":{"start":{"line":20,"column":13},"end":{"line":24,"column":17}},"5":{"start":{"line":27,"column":13},"end":{"line":46,"column":17}},"6":{"start":{"line":43,"column":19},"end":{"line":43,"column":57}},"7":{"start":{"line":48,"column":13},"end":{"line":51,"column":2}}},"fnMap":{"0":{"name":"(anonymous_0)","decl":{"start":{"line":13,"column":12},"end":{"line":13,"column":15}},"loc":{"start":{"line":13,"column":19},"end":{"line":13,"column":52}}},"1":{"name":"(anonymous_1)","decl":{"start":{"line":43,"column":12},"end":{"line":43,"column":15}},"loc":{"start":{"line":43,"column":19},"end":{"line":43,"column":57}}}},"branchMap":{"0":{"loc":{"start":{"line":13,"column":21},"end":{"line":13,"column":51}},"type":"binary-expr","locations":[{"start":{"line":13,"column":21},"end":{"line":13,"column":30}},{"start":{"line":13,"column":34},"end":{"line":13,"column":51}}]},"1":{"loc":{"start":{"line":43,"column":21},"end":{"line":43,"column":56}},"type":"binary-expr","locations":[{"start":{"line":43,"column":21},"end":{"line":43,"column":37}},{"start":{"line":43,"column":41},"end":{"line":43,"column":56}}]}},"s":{"0":9,"1":9,"2":9,"3":3,"4":9,"5":9,"6":2,"7":9},"f":{"0":3,"1":2},"b":{"0":[3,3],"1":[2,1]}}
,"/Users/thomaspeterson/Projects/oas-zod-validator/src/schemas/security.ts": {"path":"/Users/thomaspeterson/Projects/oas-zod-validator/src/schemas/security.ts","statementMap":{"0":{"start":{"line":1,"column":0},"end":{"line":1,"column":24}},"1":{"start":{"line":2,"column":0},"end":{"line":2,"column":42}},"2":{"start":{"line":4,"column":13},"end":{"line":4,"column":71}},"3":{"start":{"line":6,"column":21},"end":{"line":11,"column":26}},"4":{"start":{"line":13,"column":19},"end":{"line":18,"column":26}},"5":{"start":{"line":20,"column":21},"end":{"line":46,"column":26}},"6":{"start":{"line":48,"column":28},"end":{"line":52,"column":26}},"7":{"start":{"line":54,"column":13},"end":{"line":59,"column":3}}},"fnMap":{},"branchMap":{},"s":{"0":0,"1":0,"2":0,"3":0,"4":0,"5":0,"6":0,"7":0},"f":{},"b":{}}
,"/Users/thomaspeterson/Projects/oas-zod-validator/src/schemas/validator.ts": {"path":"/Users/thomaspeterson/Projects/oas-zod-validator/src/schemas/validator.ts","statementMap":{"0":{"start":{"line":31,"column":0},"end":{"line":31,"column":16}},"1":{"start":{"line":1,"column":0},"end":{"line":1,"column":24}},"2":{"start":{"line":2,"column":0},"end":{"line":2,"column":42}},"3":{"start":{"line":3,"column":0},"end":{"line":3,"column":46}},"4":{"start":{"line":4,"column":0},"end":{"line":4,"column":61}},"5":{"start":{"line":18,"column":2},"end":{"line":20,"column":3}},"6":{"start":{"line":19,"column":4},"end":{"line":19,"column":84}},"7":{"start":{"line":22,"column":2},"end":{"line":24,"column":3}},"8":{"start":{"line":23,"column":4},"end":{"line":23,"column":17}},"9":{"start":{"line":25,"column":2},"end":{"line":27,"column":3}},"10":{"start":{"line":26,"column":4},"end":{"line":26,"column":17}},"11":{"start":{"line":28,"column":2},"end":{"line":28,"column":65}},"12":{"start":{"line":35,"column":33},"end":{"line":35,"column":35}},"13":{"start":{"line":37,"column":2},"end":{"line":67,"column":3}},"14":{"start":{"line":38,"column":24},"end":{"line":38,"column":59}},"15":{"start":{"line":42,"column":4},"end":{"line":51,"column":5}},"16":{"start":{"line":43,"column":6},"end":{"line":43,"column":50}},"17":{"start":{"line":45,"column":22},"end":{"line":45,"column":55}},"18":{"start":{"line":46,"column":6},"end":{"line":50,"column":7}},"19":{"start":{"line":47,"column":8},"end":{"line":47,"column":52}},"20":{"start":{"line":49,"column":8},"end":{"line":49,"column":50}},"21":{"start":{"line":53,"column":4},"end":{"line":55,"column":5}},"22":{"start":{"line":54,"column":6},"end":{"line":54,"column":45}},"23":{"start":{"line":57,"column":4},"end":{"line":57,"column":41}},"24":{"start":{"line":59,"column":4},"end":{"line":61,"column":5}},"25":{"start":{"line":60,"column":6},"end":{"line":60,"column":59}},"26":{"start":{"line":62,"column":4},"end":{"line":66,"column":24}}},"fnMap":{"0":{"name":"detectOpenAPIVersion","decl":{"start":{"line":17,"column":9},"end":{"line":17,"column":29}},"loc":{"start":{"line":17,"column":58},"end":{"line":29,"column":1}}},"1":{"name":"validateOpenAPI","decl":{"start":{"line":31,"column":16},"end":{"line":31,"column":31}},"loc":{"start":{"line":33,"column":33},"end":{"line":68,"column":1}}}},"branchMap":{"0":{"loc":{"start":{"line":18,"column":2},"end":{"line":20,"column":3}},"type":"if","locations":[{"start":{"line":18,"column":2},"end":{"line":20,"column":3}}]},"1":{"loc":{"start":{"line":18,"column":6},"end":{"line":18,"column":45}},"type":"binary-expr","locations":[{"start":{"line":18,"column":6},"end":{"line":18,"column":10}},{"start":{"line":18,"column":14},"end":{"line":18,"column":45}}]},"2":{"loc":{"start":{"line":22,"column":2},"end":{"line":24,"column":3}},"type":"if","locations":[{"start":{"line":22,"column":2},"end":{"line":24,"column":3}}]},"3":{"loc":{"start":{"line":25,"column":2},"end":{"line":27,"column":3}},"type":"if","locations":[{"start":{"line":25,"column":2},"end":{"line":27,"column":3}}]},"4":{"loc":{"start":{"line":33,"column":2},"end":{"line":33,"column":33}},"type":"default-arg","locations":[{"start":{"line":33,"column":31},"end":{"line":33,"column":33}}]},"5":{"loc":{"start":{"line":42,"column":4},"end":{"line":51,"column":5}},"type":"if","locations":[{"start":{"line":42,"column":4},"end":{"line":51,"column":5}},{"start":{"line":44,"column":11},"end":{"line":51,"column":5}}]},"6":{"loc":{"start":{"line":42,"column":8},"end":{"line":42,"column":121}},"type":"binary-expr","locations":[{"start":{"line":42,"column":8},"end":{"line":42,"column":38}},{"start":{"line":42,"column":42},"end":{"line":42,"column":81}},{"start":{"line":42,"column":85},"end":{"line":42,"column":121}}]},"7":{"loc":{"start":{"line":46,"column":6},"end":{"line":50,"column":7}},"type":"if","locations":[{"start":{"line":46,"column":6},"end":{"line":50,"column":7}},{"start":{"line":48,"column":13},"end":{"line":50,"column":7}}]},"8":{"loc":{"start":{"line":53,"column":4},"end":{"line":55,"column":5}},"type":"if","locations":[{"start":{"line":53,"column":4},"end":{"line":55,"column":5}}]},"9":{"loc":{"start":{"line":59,"column":4},"end":{"line":61,"column":5}},"type":"if","locations":[{"start":{"line":59,"column":4},"end":{"line":61,"column":5}}]},"10":{"loc":{"start":{"line":65,"column":15},"end":{"line":65,"column":71}},"type":"cond-expr","locations":[{"start":{"line":65,"column":40},"end":{"line":65,"column":53}},{"start":{"line":65,"column":56},"end":{"line":65,"column":71}}]}},"s":{"0":5,"1":5,"2":5,"3":5,"4":5,"5":51,"6":11,"7":40,"8":9,"9":31,"10":24,"11":7,"12":54,"13":54,"14":54,"15":54,"16":3,"17":51,"18":33,"19":9,"20":24,"21":32,"22":11,"23":30,"24":24,"25":4,"26":20},"f":{"0":51,"1":54},"b":{"0":[11],"1":[51,47],"2":[9],"3":[24],"4":[33],"5":[3,51],"6":[54,3,3],"7":[9,24],"8":[11],"9":[4],"10":[20,0]}}
,"/Users/thomaspeterson/Projects/oas-zod-validator/src/utils/validateFromYaml.ts": {"path":"/Users/thomaspeterson/Projects/oas-zod-validator/src/utils/validateFromYaml.ts","statementMap":{"0":{"start":{"line":11,"column":0},"end":{"line":11,"column":16}},"1":{"start":{"line":1,"column":0},"end":{"line":1,"column":31}},"2":{"start":{"line":2,"column":0},"end":{"line":2,"column":92}},"3":{"start":{"line":3,"column":0},"end":{"line":3,"column":24}},"4":{"start":{"line":15,"column":2},"end":{"line":39,"column":3}},"5":{"start":{"line":16,"column":19},"end":{"line":16,"column":35}},"6":{"start":{"line":17,"column":4},"end":{"line":27,"column":5}},"7":{"start":{"line":18,"column":6},"end":{"line":26,"column":8}},"8":{"start":{"line":28,"column":4},"end":{"line":28,"column":44}},"9":{"start":{"line":30,"column":4},"end":{"line":38,"column":6}},"10":{"start":{"line":43,"column":0},"end":{"line":61,"column":1}},"11":{"start":{"line":44,"column":19},"end":{"line":44,"column":34}},"12":{"start":{"line":45,"column":2},"end":{"line":48,"column":3}},"13":{"start":{"line":46,"column":4},"end":{"line":46,"column":68}},"14":{"start":{"line":47,"column":4},"end":{"line":47,"column":20}},"15":{"start":{"line":50,"column":2},"end":{"line":60,"column":3}},"16":{"start":{"line":51,"column":19},"end":{"line":51,"column":45}},"17":{"start":{"line":52,"column":4},"end":{"line":56,"column":5}},"18":{"start":{"line":53,"column":6},"end":{"line":53,"column":66}},"19":{"start":{"line":55,"column":6},"end":{"line":55,"column":64}},"20":{"start":{"line":58,"column":4},"end":{"line":58,"column":49}},"21":{"start":{"line":59,"column":4},"end":{"line":59,"column":20}}},"fnMap":{"0":{"name":"validateFromYaml","decl":{"start":{"line":11,"column":16},"end":{"line":11,"column":32}},"loc":{"start":{"line":13,"column":33},"end":{"line":40,"column":1}}}},"branchMap":{"0":{"loc":{"start":{"line":13,"column":2},"end":{"line":13,"column":33}},"type":"default-arg","locations":[{"start":{"line":13,"column":31},"end":{"line":13,"column":33}}]},"1":{"loc":{"start":{"line":17,"column":4},"end":{"line":27,"column":5}},"type":"if","locations":[{"start":{"line":17,"column":4},"end":{"line":27,"column":5}}]},"2":{"loc":{"start":{"line":17,"column":8},"end":{"line":17,"column":53}},"type":"binary-expr","locations":[{"start":{"line":17,"column":8},"end":{"line":17,"column":34}},{"start":{"line":17,"column":38},"end":{"line":17,"column":53}}]},"3":{"loc":{"start":{"line":35,"column":17},"end":{"line":35,"column":72}},"type":"cond-expr","locations":[{"start":{"line":35,"column":42},"end":{"line":35,"column":55}},{"start":{"line":35,"column":58},"end":{"line":35,"column":72}}]},"4":{"loc":{"start":{"line":43,"column":0},"end":{"line":61,"column":1}},"type":"if","locations":[{"start":{"line":43,"column":0},"end":{"line":61,"column":1}}]},"5":{"loc":{"start":{"line":45,"column":2},"end":{"line":48,"column":3}},"type":"if","locations":[{"start":{"line":45,"column":2},"end":{"line":48,"column":3}}]},"6":{"loc":{"start":{"line":52,"column":4},"end":{"line":56,"column":5}},"type":"if","locations":[{"start":{"line":52,"column":4},"end":{"line":56,"column":5}},{"start":{"line":54,"column":11},"end":{"line":56,"column":5}}]}},"s":{"0":1,"1":1,"2":1,"3":1,"4":7,"5":7,"6":6,"7":3,"8":3,"9":1,"10":1,"11":0,"12":0,"13":0,"14":0,"15":0,"16":0,"17":0,"18":0,"19":0,"20":0,"21":0},"f":{"0":7},"b":{"0":[6],"1":[3],"2":[6,4],"3":[1,0],"4":[0],"5":[0],"6":[0,0]}}
,"/Users/thomaspeterson/Projects/oas-zod-validator/src/utils/verifyRefTargets.ts": {"path":"/Users/thomaspeterson/Projects/oas-zod-validator/src/utils/verifyRefTargets.ts","statementMap":{"0":{"start":{"line":3,"column":0},"end":{"line":3,"column":16}},"1":{"start":{"line":1,"column":0},"end":{"line":1,"column":29}},"2":{"start":{"line":4,"column":22},"end":{"line":13,"column":3}},"3":{"start":{"line":5,"column":4},"end":{"line":5,"column":48}},"4":{"start":{"line":5,"column":41},"end":{"line":5,"column":48}},"5":{"start":{"line":7,"column":4},"end":{"line":10,"column":5}},"6":{"start":{"line":8,"column":6},"end":{"line":8,"column":26}},"7":{"start":{"line":9,"column":6},"end":{"line":9,"column":13}},"8":{"start":{"line":12,"column":4},"end":{"line":12,"column":44}},"9":{"start":{"line":16,"column":2},"end":{"line":16,"column":19}},"10":{"start":{"line":19,"column":2},"end":{"line":26,"column":5}},"11":{"start":{"line":20,"column":17},"end":{"line":20,"column":44}},"12":{"start":{"line":21,"column":19},"end":{"line":21,"column":33}},"13":{"start":{"line":23,"column":4},"end":{"line":25,"column":5}},"14":{"start":{"line":24,"column":6},"end":{"line":24,"column":53}}},"fnMap":{"0":{"name":"verifyRefTargets","decl":{"start":{"line":3,"column":16},"end":{"line":3,"column":32}},"loc":{"start":{"line":3,"column":77},"end":{"line":27,"column":1}}},"1":{"name":"(anonymous_1)","decl":{"start":{"line":4,"column":22},"end":{"line":4,"column":23}},"loc":{"start":{"line":4,"column":45},"end":{"line":13,"column":3}}},"2":{"name":"(anonymous_2)","decl":{"start":{"line":19,"column":15},"end":{"line":19,"column":18}},"loc":{"start":{"line":19,"column":21},"end":{"line":26,"column":3}}}},"branchMap":{"0":{"loc":{"start":{"line":5,"column":4},"end":{"line":5,"column":48}},"type":"if","locations":[{"start":{"line":5,"column":4},"end":{"line":5,"column":48}}]},"1":{"loc":{"start":{"line":5,"column":8},"end":{"line":5,"column":39}},"type":"binary-expr","locations":[{"start":{"line":5,"column":8},"end":{"line":5,"column":12}},{"start":{"line":5,"column":16},"end":{"line":5,"column":39}}]},"2":{"loc":{"start":{"line":7,"column":4},"end":{"line":10,"column":5}},"type":"if","locations":[{"start":{"line":7,"column":4},"end":{"line":10,"column":5}}]},"3":{"loc":{"start":{"line":7,"column":8},"end":{"line":7,"column":53}},"type":"binary-expr","locations":[{"start":{"line":7,"column":8},"end":{"line":7,"column":21}},{"start":{"line":7,"column":25},"end":{"line":7,"column":53}}]},"4":{"loc":{"start":{"line":23,"column":4},"end":{"line":25,"column":5}},"type":"if","locations":[{"start":{"line":23,"column":4},"end":{"line":25,"column":5}}]}},"s":{"0":5,"1":5,"2":11,"3":216,"4":69,"5":147,"6":11,"7":11,"8":136,"9":11,"10":11,"11":11,"12":11,"13":11,"14":2},"f":{"0":11,"1":216,"2":11},"b":{"0":[69],"1":[216,216],"2":[11],"3":[147,11],"4":[2]}}
}
