TN:
SF:src/schemas/components.ts
FN:30,(anonymous_0)
FN:43,(anonymous_1)
FN:102,(anonymous_2)
FNF:3
FNH:3
FNDA:1,(anonymous_0)
FNDA:1,(anonymous_1)
FNDA:15,(anonymous_2)
DA:1,6
DA:2,6
DA:3,6
DA:6,6
DA:16,6
DA:24,6
DA:30,1
DA:35,6
DA:43,1
DA:48,6
DA:54,6
DA:102,15
LF:12
LH:12
BRDA:30,0,0,1
BRDA:30,0,1,1
BRDA:43,1,0,1
BRDA:43,1,1,0
BRF:4
BRH:3
end_of_record
TN:
SF:src/schemas/core.ts
FN:13,(anonymous_0)
FN:37,(anonymous_1)
FN:56,(anonymous_2)
FN:57,(anonymous_3)
FNF:4
FNH:4
FNDA:87,(anonymous_0)
FNDA:76,(anonymous_1)
FNDA:2,(anonymous_2)
FNDA:6,(anonymous_3)
DA:1,11
DA:4,11
DA:13,11
DA:14,87
DA:39,76
DA:40,0
DA:43,76
DA:44,0
DA:46,76
DA:53,11
DA:56,11
DA:57,6
DA:58,2
LF:13
LH:11
BRDA:39,0,0,0
BRDA:39,1,0,76
BRDA:39,1,1,1
BRDA:43,2,0,0
BRDA:43,3,0,76
BRDA:43,3,1,28
BRDA:43,3,2,0
BRF:7
BRH:4
end_of_record
TN:
SF:src/schemas/openapi.ts
FNF:0
FNH:0
DA:1,5
DA:2,5
DA:3,5
DA:5,5
DA:16,5
LF:5
LH:5
BRF:0
BRH:0
end_of_record
TN:
SF:src/schemas/openapi31.ts
FNF:0
FNH:0
DA:1,5
DA:2,5
DA:3,5
DA:4,5
DA:6,5
DA:12,5
DA:24,5
LF:7
LH:7
BRF:0
BRH:0
end_of_record
TN:
SF:src/schemas/paths.ts
FN:75,(anonymous_0)
FN:105,(anonymous_1)
FN:108,(anonymous_2)
FN:121,(anonymous_3)
FNF:4
FNH:4
FNDA:21,(anonymous_0)
FNDA:21,(anonymous_1)
FNDA:44,(anonymous_2)
FNDA:38,(anonymous_3)
DA:1,7
DA:2,7
DA:3,7
DA:6,7
DA:17,7
DA:53,7
DA:77,21
DA:86,7
DA:107,21
DA:108,44
DA:114,7
DA:123,38
DA:124,38
DA:125,19
DA:126,19
DA:127,3
DA:128,3
DA:129,0
DA:131,3
DA:135,38
LF:20
LH:19
BRDA:126,0,0,3
BRDA:128,1,0,0
BRF:2
BRH:1
end_of_record
TN:
SF:src/schemas/reference.ts
FN:11,isReferenceObject
FN:18,validateReference
FNF:2
FNH:2
FNDA:8,isReferenceObject
FNDA:5,validateReference
DA:1,1
DA:3,1
DA:11,1
DA:12,8
DA:18,1
DA:19,5
DA:20,5
DA:21,5
DA:22,2
DA:24,3
LF:10
LH:10
BRDA:12,0,0,8
BRDA:12,0,1,7
BRDA:12,0,2,5
BRDA:12,0,3,3
BRF:4
BRH:4
end_of_record
TN:
SF:src/schemas/requestResponse.ts
FN:13,(anonymous_0)
FN:43,(anonymous_1)
FNF:2
FNH:2
FNDA:3,(anonymous_0)
FNDA:2,(anonymous_1)
DA:1,9
DA:2,9
DA:5,9
DA:13,3
DA:20,9
DA:27,9
DA:43,2
DA:48,9
LF:8
LH:8
BRDA:13,0,0,3
BRDA:13,0,1,3
BRDA:43,1,0,2
BRDA:43,1,1,1
BRF:4
BRH:4
end_of_record
TN:
SF:src/schemas/security.ts
FN:47,(anonymous_0)
FNF:1
FNH:1
FNDA:3,(anonymous_0)
DA:1,1
DA:2,1
DA:4,1
DA:6,1
DA:47,3
LF:5
LH:5
BRF:0
BRH:0
end_of_record
TN:
SF:src/schemas/validator.ts
FN:17,detectOpenAPIVersion
FN:31,validateOpenAPI
FNF:2
FNH:2
FNDA:53,detectOpenAPIVersion
FNDA:59,validateOpenAPI
DA:1,5
DA:2,5
DA:3,5
DA:4,5
DA:18,53
DA:19,11
DA:22,42
DA:23,8
DA:25,34
DA:26,25
DA:28,9
DA:31,5
DA:35,59
DA:37,59
DA:38,59
DA:42,59
DA:43,6
DA:45,53
DA:46,33
DA:47,8
DA:49,25
DA:53,35
DA:54,12
DA:57,33
DA:59,26
DA:60,4
DA:62,22
LF:27
LH:27
BRDA:18,0,0,11
BRDA:18,1,0,53
BRDA:18,1,1,49
BRDA:22,2,0,8
BRDA:25,3,0,25
BRDA:33,4,0,34
BRDA:42,5,0,6
BRDA:42,5,1,53
BRDA:42,6,0,59
BRDA:42,6,1,6
BRDA:42,6,2,6
BRDA:46,7,0,8
BRDA:46,7,1,25
BRDA:53,8,0,12
BRDA:59,9,0,4
BRDA:65,10,0,22
BRDA:65,10,1,0
BRF:17
BRH:16
end_of_record
TN:
SF:src/utils/validateFromYaml.ts
FN:6,validateFromYaml
FNF:1
FNH:1
FNDA:31,validateFromYaml
DA:1,1
DA:2,1
DA:3,1
DA:4,1
DA:6,1
DA:10,31
DA:11,9
DA:24,22
DA:25,3
DA:36,19
DA:37,19
DA:39,13
DA:40,6
DA:53,7
DA:55,6
DA:68,1
DA:69,0
DA:70,0
DA:71,0
DA:76,0
DA:77,0
DA:78,0
DA:81,0
DA:82,0
DA:83,0
DA:85,0
DA:86,0
DA:87,0
DA:89,0
DA:90,0
DA:93,0
DA:94,0
LF:32
LH:16
BRDA:8,0,0,25
BRDA:10,1,0,9
BRDA:24,2,0,3
BRDA:39,3,0,6
BRDA:39,4,0,13
BRDA:39,4,1,12
BRDA:39,4,2,9
BRDA:45,5,0,2
BRDA:45,5,1,4
BRDA:60,6,0,6
BRDA:60,6,1,0
BRDA:68,7,0,0
BRDA:76,8,0,0
BRDA:85,9,0,0
BRDA:85,9,1,0
BRF:15
BRH:10
end_of_record
TN:
SF:src/utils/verifyRefTargets.ts
FN:3,verifyRefTargets
FN:4,(anonymous_1)
FN:19,(anonymous_2)
FNF:3
FNH:3
FNDA:12,verifyRefTargets
FNDA:204,(anonymous_1)
FNDA:11,(anonymous_2)
DA:1,5
DA:3,5
DA:4,12
DA:5,204
DA:7,136
DA:8,11
DA:9,11
DA:12,125
DA:16,12
DA:19,12
DA:20,11
DA:21,11
DA:23,11
DA:24,2
LF:14
LH:14
BRDA:5,0,0,68
BRDA:5,1,0,204
BRDA:5,1,1,204
BRDA:7,2,0,11
BRDA:7,3,0,136
BRDA:7,3,1,11
BRDA:23,4,0,2
BRF:7
BRH:7
end_of_record
