TN:
SF:src/schemas/api_patterns.ts
FNF:0
FNH:0
DA:1,10
DA:2,10
DA:5,10
DA:11,10
DA:15,10
DA:24,10
DA:30,10
LF:7
LH:7
BRF:0
BRH:0
end_of_record
TN:
SF:src/schemas/cli.ts
FN:5,runCLI
FNF:1
FNH:1
FNDA:4,runCLI
DA:1,1
DA:2,1
DA:5,1
DA:6,4
DA:7,4
DA:12,4
DA:13,1
DA:14,1
DA:17,4
DA:18,4
DA:19,3
DA:21,3
DA:22,1
DA:23,1
DA:25,1
DA:26,1
DA:29,2
DA:30,2
DA:34,1
DA:35,0
LF:20
LH:19
BRDA:12,0,0,1
BRDA:21,1,0,1
BRDA:21,1,1,1
BRDA:34,2,0,0
BRF:4
BRH:3
end_of_record
TN:
SF:src/schemas/components.ts
FN:30,(anonymous_0)
FN:43,(anonymous_1)
FN:102,(anonymous_2)
FNF:3
FNH:3
FNDA:1,(anonymous_0)
FNDA:1,(anonymous_1)
FNDA:18,(anonymous_2)
DA:1,11
DA:2,11
DA:3,11
DA:6,11
DA:16,11
DA:24,11
DA:30,1
DA:35,11
DA:43,1
DA:48,11
DA:54,11
DA:102,18
LF:12
LH:12
BRDA:30,0,0,1
BRDA:30,0,1,1
BRDA:43,1,0,1
BRDA:43,1,1,0
BRF:4
BRH:3
end_of_record
TN:
SF:src/schemas/core.ts
FN:13,(anonymous_0)
FN:37,(anonymous_1)
FN:56,(anonymous_2)
FN:57,(anonymous_3)
FNF:4
FNH:4
FNDA:227,(anonymous_0)
FNDA:199,(anonymous_1)
FNDA:2,(anonymous_2)
FNDA:6,(anonymous_3)
DA:1,15
DA:4,15
DA:13,15
DA:14,227
DA:39,199
DA:40,0
DA:43,199
DA:44,0
DA:46,199
DA:53,15
DA:56,15
DA:57,6
DA:58,2
LF:13
LH:11
BRDA:39,0,0,0
BRDA:39,1,0,199
BRDA:39,1,1,12
BRDA:43,2,0,0
BRDA:43,3,0,199
BRDA:43,3,1,57
BRDA:43,3,2,3
BRF:7
BRH:5
end_of_record
TN:
SF:src/schemas/openapi.ts
FNF:0
FNH:0
DA:1,10
DA:2,10
DA:3,10
DA:4,10
DA:5,10
DA:7,10
DA:17,10
DA:24,10
DA:32,10
LF:9
LH:9
BRF:0
BRH:0
end_of_record
TN:
SF:src/schemas/openapi31.ts
FNF:0
FNH:0
DA:1,10
DA:2,10
DA:3,10
DA:4,10
DA:6,10
DA:12,10
DA:24,10
LF:7
LH:7
BRF:0
BRH:0
end_of_record
TN:
SF:src/schemas/paths.ts
FN:75,(anonymous_0)
FN:105,(anonymous_1)
FN:108,(anonymous_2)
FN:121,(anonymous_3)
FNF:4
FNH:4
FNDA:40,(anonymous_0)
FNDA:39,(anonymous_1)
FNDA:68,(anonymous_2)
FNDA:56,(anonymous_3)
DA:1,12
DA:2,12
DA:3,12
DA:6,12
DA:17,12
DA:53,12
DA:77,40
DA:86,12
DA:107,39
DA:108,68
DA:114,12
DA:123,56
DA:124,56
DA:125,37
DA:126,37
DA:127,3
DA:128,3
DA:129,0
DA:131,3
DA:135,56
LF:20
LH:19
BRDA:126,0,0,3
BRDA:128,1,0,0
BRF:2
BRH:1
end_of_record
TN:
SF:src/schemas/reference.ts
FN:11,isReferenceObject
FN:18,validateReference
FNF:2
FNH:2
FNDA:8,isReferenceObject
FNDA:5,validateReference
DA:1,11
DA:3,11
DA:11,11
DA:12,8
DA:18,11
DA:19,5
DA:20,5
DA:21,5
DA:22,2
DA:24,3
LF:10
LH:10
BRDA:12,0,0,8
BRDA:12,0,1,7
BRDA:12,0,2,5
BRDA:12,0,3,3
BRF:4
BRH:4
end_of_record
TN:
SF:src/schemas/requestResponse.ts
FN:13,(anonymous_0)
FN:43,(anonymous_1)
FNF:2
FNH:2
FNDA:3,(anonymous_0)
FNDA:2,(anonymous_1)
DA:1,13
DA:2,13
DA:5,13
DA:13,3
DA:20,13
DA:27,13
DA:43,2
DA:48,13
LF:8
LH:8
BRDA:13,0,0,3
BRDA:13,0,1,3
BRDA:43,1,0,2
BRDA:43,1,1,1
BRF:4
BRH:4
end_of_record
TN:
SF:src/schemas/security.ts
FN:47,(anonymous_0)
FNF:1
FNH:1
FNDA:3,(anonymous_0)
DA:1,1
DA:2,1
DA:4,1
DA:6,1
DA:47,3
LF:5
LH:5
BRF:0
BRH:0
end_of_record
TN:
SF:src/schemas/validator.ts
FN:22,detectOpenAPIVersion
FN:36,validateRateLimitHeaders
FN:57,(anonymous_2)
FN:71,(anonymous_3)
FN:72,(anonymous_4)
FN:88,validateAPIPatterns
FN:118,(anonymous_6)
FN:123,(anonymous_7)
FN:141,validateOpenAPI
FNF:9
FNH:9
FNDA:75,detectOpenAPIVersion
FNDA:8,validateRateLimitHeaders
FNDA:12,(anonymous_2)
FNDA:81,(anonymous_3)
FNDA:124,(anonymous_4)
FNDA:20,validateAPIPatterns
FNDA:4,(anonymous_6)
FNDA:3,(anonymous_7)
FNDA:81,validateOpenAPI
DA:1,10
DA:2,10
DA:3,10
DA:4,10
DA:6,10
DA:23,75
DA:24,11
DA:27,64
DA:28,8
DA:30,56
DA:31,47
DA:33,9
DA:37,8
DA:38,0
DA:41,8
DA:43,8
DA:44,8
DA:45,8
DA:47,8
DA:48,8
DA:50,8
DA:51,8
DA:52,8
DA:53,8
DA:55,7
DA:56,7
DA:57,12
DA:58,6
DA:68,8
DA:71,10
DA:72,81
DA:73,124
DA:74,0
DA:76,0
DA:77,0
DA:79,0
DA:81,0
DA:84,124
DA:89,20
DA:91,20
DA:92,20
DA:93,14
DA:96,14
DA:97,1
DA:98,1
DA:100,1
DA:101,1
DA:102,0
DA:103,0
DA:106,1
DA:107,1
DA:113,14
DA:114,13
DA:115,13
DA:117,1
DA:118,1
DA:119,4
DA:121,1
DA:122,1
DA:123,3
DA:126,0
DA:127,0
DA:131,1
DA:132,1
DA:138,20
DA:141,10
DA:145,81
DA:147,81
DA:148,81
DA:151,81
DA:160,81
DA:161,6
DA:163,75
DA:164,55
DA:165,8
DA:167,47
DA:171,53
DA:172,23
DA:174,20
DA:175,20
DA:176,1
DA:179,19
DA:180,8
DA:181,8
DA:182,6
DA:187,43
DA:189,31
DA:190,8
DA:192,23
LF:89
LH:79
BRDA:23,0,0,11
BRDA:23,1,0,75
BRDA:23,1,1,71
BRDA:27,2,0,8
BRDA:30,3,0,47
BRDA:37,4,0,0
BRDA:37,5,0,8
BRDA:37,5,1,8
BRDA:37,6,0,0
BRDA:37,6,1,8
BRDA:37,7,0,8
BRDA:37,7,1,8
BRDA:43,8,0,8
BRDA:43,8,1,0
BRDA:45,9,0,0
BRDA:45,10,0,8
BRDA:45,10,1,8
BRDA:48,11,0,0
BRDA:48,12,0,8
BRDA:48,12,1,8
BRDA:48,12,2,8
BRDA:50,13,0,8
BRDA:50,13,1,0
BRDA:52,14,0,0
BRDA:52,15,0,8
BRDA:52,15,1,8
BRDA:53,16,0,1
BRDA:55,17,0,6
BRDA:55,17,1,1
BRDA:57,18,0,6
BRDA:68,19,0,6
BRDA:68,19,1,2
BRDA:73,20,0,0
BRDA:74,21,0,0
BRDA:74,21,1,0
BRDA:76,22,0,0
BRDA:76,23,0,0
BRDA:76,23,1,0
BRDA:76,24,0,0
BRDA:76,24,1,0
BRDA:76,25,0,0
BRDA:76,25,1,0
BRDA:77,26,0,0
BRDA:77,26,1,0
BRDA:77,27,0,0
BRDA:77,27,1,0
BRDA:91,28,0,20
BRDA:91,28,1,0
BRDA:93,29,0,0
BRDA:93,30,0,14
BRDA:93,30,1,14
BRDA:96,31,0,1
BRDA:96,32,0,14
BRDA:96,32,1,1
BRDA:98,33,0,0
BRDA:98,34,0,0
BRDA:98,34,1,1
BRDA:98,35,0,1
BRDA:98,35,1,1
BRDA:98,36,0,0
BRDA:98,36,1,1
BRDA:98,37,0,1
BRDA:98,37,1,1
BRDA:98,38,0,0
BRDA:98,38,1,1
BRDA:98,39,0,1
BRDA:98,39,1,1
BRDA:98,40,0,0
BRDA:98,40,1,1
BRDA:98,41,0,1
BRDA:98,41,1,1
BRDA:102,42,0,0
BRDA:102,43,0,0
BRDA:102,43,1,0
BRDA:102,44,0,0
BRDA:102,44,1,0
BRDA:102,45,0,0
BRDA:102,45,1,0
BRDA:102,46,0,0
BRDA:102,46,1,0
BRDA:102,47,0,0
BRDA:102,47,1,0
BRDA:102,48,0,0
BRDA:102,48,1,0
BRDA:102,49,0,0
BRDA:102,49,1,0
BRDA:102,50,0,0
BRDA:102,50,1,0
BRDA:106,51,0,1
BRDA:113,52,0,13
BRDA:115,53,0,12
BRDA:115,54,0,0
BRDA:115,54,1,13
BRDA:115,55,0,13
BRDA:115,55,1,13
BRDA:121,56,0,1
BRDA:126,57,0,0
BRDA:126,58,0,0
BRDA:126,58,1,0
BRDA:126,59,0,0
BRDA:126,59,1,0
BRDA:126,60,0,0
BRDA:126,60,1,0
BRDA:126,61,0,0
BRDA:126,61,1,0
BRDA:131,62,0,1
BRDA:138,63,0,1
BRDA:138,63,1,19
BRDA:143,64,0,43
BRDA:160,65,0,6
BRDA:160,65,1,75
BRDA:160,66,0,81
BRDA:160,66,1,6
BRDA:160,66,2,6
BRDA:164,67,0,8
BRDA:164,67,1,47
BRDA:171,68,0,23
BRDA:175,69,0,1
BRDA:179,70,0,8
BRDA:179,71,0,11
BRDA:179,71,1,8
BRDA:179,72,0,19
BRDA:179,72,1,19
BRDA:181,73,0,6
BRDA:189,74,0,8
BRDA:195,75,0,23
BRDA:195,75,1,0
BRF:127
BRH:71
end_of_record
TN:
SF:src/utils/validateFromYaml.ts
FN:5,validateFromYaml
FNF:1
FNH:1
FNDA:31,validateFromYaml
DA:1,2
DA:2,2
DA:3,2
DA:5,2
DA:9,31
DA:10,9
DA:23,22
DA:24,22
DA:26,16
DA:27,9
DA:40,7
DA:42,6
LF:12
LH:12
BRDA:7,0,0,25
BRDA:9,1,0,9
BRDA:26,2,0,9
BRDA:26,3,0,16
BRDA:26,3,1,12
BRDA:26,3,2,9
BRDA:32,4,0,2
BRDA:32,4,1,7
BRDA:47,5,0,6
BRDA:47,5,1,0
BRF:10
BRH:9
end_of_record
TN:
SF:src/utils/verifyRefTargets.ts
FN:3,verifyRefTargets
FN:4,(anonymous_1)
FN:19,(anonymous_2)
FNF:3
FNH:3
FNDA:23,verifyRefTargets
FNDA:626,(anonymous_1)
FNDA:20,(anonymous_2)
DA:1,10
DA:3,10
DA:4,23
DA:5,626
DA:7,375
DA:8,20
DA:9,20
DA:12,355
DA:16,23
DA:19,23
DA:20,20
DA:21,20
DA:23,20
DA:24,3
LF:14
LH:14
BRDA:5,0,0,251
BRDA:5,1,0,626
BRDA:5,1,1,626
BRDA:7,2,0,20
BRDA:7,3,0,375
BRDA:7,3,1,20
BRDA:23,4,0,3
BRF:7
BRH:7
end_of_record
